#! /usr/local/bin/vvp
:ivl_version "11.0 (stable)" "(v11_0-132-gb2f2414f4)";
:ivl_delay_selection "TYPICAL";
:vpi_time_precision - 12;
:vpi_module "/usr/local/lib/ivl/system.vpi";
:vpi_module "/usr/local/lib/ivl/vhdl_sys.vpi";
:vpi_module "/usr/local/lib/ivl/vhdl_textio.vpi";
:vpi_module "/usr/local/lib/ivl/v2005_math.vpi";
:vpi_module "/usr/local/lib/ivl/va_math.vpi";
:vpi_module "/usr/local/lib/ivl/v2009.vpi";
S_0x55b7bec4a640 .scope package, "$unit" "$unit" 2 1;
 .timescale 0 0;
S_0x55b7bebfed80 .scope module, "cksum_tb" "cksum_tb" 3 2;
 .timescale 0 0;
v0x55b7bec6d280_0 .var "axiid", 1 0;
v0x55b7bec6d360_0 .var "axiiv", 0 0;
v0x55b7bec6d470_0 .var "clk", 0 0;
v0x55b7bec6d560_0 .net "done", 0 0, v0x55b7bec6cf40_0;  1 drivers
v0x55b7bec6d600_0 .net "kill", 0 0, v0x55b7bec6cfe0_0;  1 drivers
v0x55b7bec6d6f0_0 .var "message", 167 0;
v0x55b7bec6d790_0 .var "rst", 0 0;
S_0x55b7bebfef10 .scope begin, "$ivl_for_loop0" "$ivl_for_loop0" 3 39, 3 39 0, S_0x55b7bebfed80;
 .timescale 0 0;
v0x55b7bec49d80_0 .var/2s "x", 31 0;
S_0x55b7bec6bc70 .scope module, "testOrder" "cksum" 3 10, 4 4 0, S_0x55b7bebfed80;
 .timescale -9 -12;
    .port_info 0 /INPUT 1 "clk";
    .port_info 1 /INPUT 1 "rst";
    .port_info 2 /INPUT 1 "axiiv";
    .port_info 3 /INPUT 2 "axiid";
    .port_info 4 /OUTPUT 1 "done";
    .port_info 5 /OUTPUT 1 "kill";
L_0x55b7bec6d8b0 .functor NOT 1, v0x55b7bec6d360_0, C4<0>, C4<0>, C4<0>;
L_0x55b7bec6d950 .functor OR 1, v0x55b7bec6d790_0, L_0x55b7bec6d8b0, C4<0>, C4<0>;
v0x55b7bec6ca60_0 .net *"_ivl_0", 0 0, L_0x55b7bec6d8b0;  1 drivers
v0x55b7bec6cb60_0 .net "axiid", 1 0, v0x55b7bec6d280_0;  1 drivers
v0x55b7bec6cc20_0 .net "axiiv", 0 0, v0x55b7bec6d360_0;  1 drivers
v0x55b7bec6ccc0_0 .net "axiod", 31 0, L_0x55b7bec49c20;  1 drivers
v0x55b7bec6cd60_0 .var "check_end", 0 0;
v0x55b7bec6ce00_0 .net "clk", 0 0, v0x55b7bec6d470_0;  1 drivers
v0x55b7bec6cea0_0 .net "crc_rst", 0 0, L_0x55b7bec6d950;  1 drivers
v0x55b7bec6cf40_0 .var "done", 0 0;
v0x55b7bec6cfe0_0 .var "kill", 0 0;
v0x55b7bec6d080_0 .var "now_check_phase", 0 0;
v0x55b7bec6d120_0 .net "rst", 0 0, v0x55b7bec6d790_0;  1 drivers
S_0x55b7bec6bf10 .scope module, "crc32_bzip2" "crc32" 4 17, 5 22 0, S_0x55b7bec6bc70;
 .timescale -9 -12;
    .port_info 0 /INPUT 1 "clk";
    .port_info 1 /INPUT 1 "rst";
    .port_info 2 /INPUT 1 "axiiv";
    .port_info 3 /INPUT 2 "axiid";
    .port_info 4 /OUTPUT 1 "axiov";
    .port_info 5 /OUTPUT 32 "axiod";
L_0x55b7bec49c20 .functor NOT 32, v0x55b7bec6c530_0, C4<00000000000000000000000000000000>, C4<00000000000000000000000000000000>, C4<00000000000000000000000000000000>;
v0x55b7bec6c1f0_0 .net "axiid", 1 0, v0x55b7bec6d280_0;  alias, 1 drivers
v0x55b7bec6c2f0_0 .net "axiiv", 0 0, v0x55b7bec6d360_0;  alias, 1 drivers
v0x55b7bec6c3b0_0 .net "axiod", 31 0, L_0x55b7bec49c20;  alias, 1 drivers
L_0x7f3df8ade018 .functor BUFT 1, C4<1>, C4<0>, C4<0>, C4<0>;
v0x55b7bec6c470_0 .net "axiov", 0 0, L_0x7f3df8ade018;  1 drivers
v0x55b7bec6c530_0 .var "caxiod", 31 0;
v0x55b7bec6c660_0 .net "clk", 0 0, v0x55b7bec6d470_0;  alias, 1 drivers
v0x55b7bec6c720_0 .var/i "i", 31 0;
v0x55b7bec6c800_0 .net "rst", 0 0, L_0x55b7bec6d950;  alias, 1 drivers
v0x55b7bec6c8c0_0 .var "saxiod", 31 0;
E_0x55b7bec3cbd0 .event posedge, v0x55b7bec6c660_0;
E_0x55b7bec3d880 .event edge, v0x55b7bec6c530_0, v0x55b7bec6c1f0_0;
    .scope S_0x55b7bec6bf10;
T_0 ;
    %wait E_0x55b7bec3d880;
    %pushi/vec4 0, 0, 32;
    %store/vec4 v0x55b7bec6c720_0, 0, 32;
T_0.0 ;
    %load/vec4 v0x55b7bec6c720_0;
    %cmpi/s 32, 0, 32;
    %jmp/0xz T_0.1, 5;
    %load/vec4 v0x55b7bec6c720_0;
    %dup/vec4;
    %pushi/vec4 0, 0, 32;
    %cmp/u;
    %jmp/1 T_0.2, 6;
    %dup/vec4;
    %pushi/vec4 1, 0, 32;
    %cmp/u;
    %jmp/1 T_0.3, 6;
    %dup/vec4;
    %pushi/vec4 4, 0, 32;
    %cmp/u;
    %jmp/1 T_0.4, 6;
    %dup/vec4;
    %pushi/vec4 7, 0, 32;
    %cmp/u;
    %jmp/1 T_0.5, 6;
    %dup/vec4;
    %pushi/vec4 10, 0, 32;
    %cmp/u;
    %jmp/1 T_0.6, 6;
    %dup/vec4;
    %pushi/vec4 16, 0, 32;
    %cmp/u;
    %jmp/1 T_0.7, 6;
    %dup/vec4;
    %pushi/vec4 22, 0, 32;
    %cmp/u;
    %jmp/1 T_0.8, 6;
    %dup/vec4;
    %pushi/vec4 26, 0, 32;
    %cmp/u;
    %jmp/1 T_0.9, 6;
    %dup/vec4;
    %pushi/vec4 2, 0, 32;
    %cmp/u;
    %jmp/1 T_0.10, 6;
    %dup/vec4;
    %pushi/vec4 5, 0, 32;
    %cmp/u;
    %jmp/1 T_0.11, 6;
    %dup/vec4;
    %pushi/vec4 8, 0, 32;
    %cmp/u;
    %jmp/1 T_0.12, 6;
    %dup/vec4;
    %pushi/vec4 11, 0, 32;
    %cmp/u;
    %jmp/1 T_0.13, 6;
    %dup/vec4;
    %pushi/vec4 12, 0, 32;
    %cmp/u;
    %jmp/1 T_0.14, 6;
    %dup/vec4;
    %pushi/vec4 23, 0, 32;
    %cmp/u;
    %jmp/1 T_0.15, 6;
    %dup/vec4;
    %pushi/vec4 3, 0, 32;
    %cmp/u;
    %jmp/1 T_0.16, 6;
    %dup/vec4;
    %pushi/vec4 6, 0, 32;
    %cmp/u;
    %jmp/1 T_0.17, 6;
    %dup/vec4;
    %pushi/vec4 9, 0, 32;
    %cmp/u;
    %jmp/1 T_0.18, 6;
    %dup/vec4;
    %pushi/vec4 13, 0, 32;
    %cmp/u;
    %jmp/1 T_0.19, 6;
    %dup/vec4;
    %pushi/vec4 17, 0, 32;
    %cmp/u;
    %jmp/1 T_0.20, 6;
    %dup/vec4;
    %pushi/vec4 24, 0, 32;
    %cmp/u;
    %jmp/1 T_0.21, 6;
    %dup/vec4;
    %pushi/vec4 27, 0, 32;
    %cmp/u;
    %jmp/1 T_0.22, 6;
    %load/vec4 v0x55b7bec6c530_0;
    %load/vec4 v0x55b7bec6c720_0;
    %subi 2, 0, 32;
    %part/s 1;
    %ix/getv/s 4, v0x55b7bec6c720_0;
    %store/vec4 v0x55b7bec6c8c0_0, 4, 1;
    %jmp T_0.24;
T_0.2 ;
    %load/vec4 v0x55b7bec6c530_0;
    %parti/s 1, 30, 6;
    %load/vec4 v0x55b7bec6c1f0_0;
    %parti/s 1, 1, 2;
    %xor;
    %ix/getv/s 4, v0x55b7bec6c720_0;
    %store/vec4 v0x55b7bec6c8c0_0, 4, 1;
    %jmp T_0.24;
T_0.3 ;
    %load/vec4 v0x55b7bec6c530_0;
    %parti/s 1, 31, 6;
    %load/vec4 v0x55b7bec6c1f0_0;
    %parti/s 1, 0, 2;
    %xor;
    %load/vec4 v0x55b7bec6c530_0;
    %parti/s 1, 30, 6;
    %load/vec4 v0x55b7bec6c1f0_0;
    %parti/s 1, 1, 2;
    %xor;
    %xor;
    %ix/getv/s 4, v0x55b7bec6c720_0;
    %store/vec4 v0x55b7bec6c8c0_0, 4, 1;
    %jmp T_0.24;
T_0.4 ;
    %load/vec4 v0x55b7bec6c530_0;
    %load/vec4 v0x55b7bec6c720_0;
    %subi 2, 0, 32;
    %part/s 1;
    %load/vec4 v0x55b7bec6c530_0;
    %parti/s 1, 30, 6;
    %load/vec4 v0x55b7bec6c1f0_0;
    %parti/s 1, 1, 2;
    %xor;
    %xor;
    %ix/getv/s 4, v0x55b7bec6c720_0;
    %store/vec4 v0x55b7bec6c8c0_0, 4, 1;
    %jmp T_0.24;
T_0.5 ;
    %load/vec4 v0x55b7bec6c530_0;
    %load/vec4 v0x55b7bec6c720_0;
    %subi 2, 0, 32;
    %part/s 1;
    %load/vec4 v0x55b7bec6c530_0;
    %parti/s 1, 30, 6;
    %load/vec4 v0x55b7bec6c1f0_0;
    %parti/s 1, 1, 2;
    %xor;
    %xor;
    %ix/getv/s 4, v0x55b7bec6c720_0;
    %store/vec4 v0x55b7bec6c8c0_0, 4, 1;
    %jmp T_0.24;
T_0.6 ;
    %load/vec4 v0x55b7bec6c530_0;
    %load/vec4 v0x55b7bec6c720_0;
    %subi 2, 0, 32;
    %part/s 1;
    %load/vec4 v0x55b7bec6c530_0;
    %parti/s 1, 30, 6;
    %load/vec4 v0x55b7bec6c1f0_0;
    %parti/s 1, 1, 2;
    %xor;
    %xor;
    %ix/getv/s 4, v0x55b7bec6c720_0;
    %store/vec4 v0x55b7bec6c8c0_0, 4, 1;
    %jmp T_0.24;
T_0.7 ;
    %load/vec4 v0x55b7bec6c530_0;
    %load/vec4 v0x55b7bec6c720_0;
    %subi 2, 0, 32;
    %part/s 1;
    %load/vec4 v0x55b7bec6c530_0;
    %parti/s 1, 30, 6;
    %load/vec4 v0x55b7bec6c1f0_0;
    %parti/s 1, 1, 2;
    %xor;
    %xor;
    %ix/getv/s 4, v0x55b7bec6c720_0;
    %store/vec4 v0x55b7bec6c8c0_0, 4, 1;
    %jmp T_0.24;
T_0.8 ;
    %load/vec4 v0x55b7bec6c530_0;
    %load/vec4 v0x55b7bec6c720_0;
    %subi 2, 0, 32;
    %part/s 1;
    %load/vec4 v0x55b7bec6c530_0;
    %parti/s 1, 30, 6;
    %load/vec4 v0x55b7bec6c1f0_0;
    %parti/s 1, 1, 2;
    %xor;
    %xor;
    %ix/getv/s 4, v0x55b7bec6c720_0;
    %store/vec4 v0x55b7bec6c8c0_0, 4, 1;
    %jmp T_0.24;
T_0.9 ;
    %load/vec4 v0x55b7bec6c530_0;
    %load/vec4 v0x55b7bec6c720_0;
    %subi 2, 0, 32;
    %part/s 1;
    %load/vec4 v0x55b7bec6c530_0;
    %parti/s 1, 30, 6;
    %load/vec4 v0x55b7bec6c1f0_0;
    %parti/s 1, 1, 2;
    %xor;
    %xor;
    %ix/getv/s 4, v0x55b7bec6c720_0;
    %store/vec4 v0x55b7bec6c8c0_0, 4, 1;
    %jmp T_0.24;
T_0.10 ;
    %load/vec4 v0x55b7bec6c530_0;
    %load/vec4 v0x55b7bec6c720_0;
    %subi 2, 0, 32;
    %part/s 1;
    %load/vec4 v0x55b7bec6c530_0;
    %parti/s 1, 31, 6;
    %load/vec4 v0x55b7bec6c1f0_0;
    %parti/s 1, 0, 2;
    %xor;
    %load/vec4 v0x55b7bec6c530_0;
    %parti/s 1, 30, 6;
    %load/vec4 v0x55b7bec6c1f0_0;
    %parti/s 1, 1, 2;
    %xor;
    %xor;
    %xor;
    %ix/getv/s 4, v0x55b7bec6c720_0;
    %store/vec4 v0x55b7bec6c8c0_0, 4, 1;
    %jmp T_0.24;
T_0.11 ;
    %load/vec4 v0x55b7bec6c530_0;
    %load/vec4 v0x55b7bec6c720_0;
    %subi 2, 0, 32;
    %part/s 1;
    %load/vec4 v0x55b7bec6c530_0;
    %parti/s 1, 31, 6;
    %load/vec4 v0x55b7bec6c1f0_0;
    %parti/s 1, 0, 2;
    %xor;
    %load/vec4 v0x55b7bec6c530_0;
    %parti/s 1, 30, 6;
    %load/vec4 v0x55b7bec6c1f0_0;
    %parti/s 1, 1, 2;
    %xor;
    %xor;
    %xor;
    %ix/getv/s 4, v0x55b7bec6c720_0;
    %store/vec4 v0x55b7bec6c8c0_0, 4, 1;
    %jmp T_0.24;
T_0.12 ;
    %load/vec4 v0x55b7bec6c530_0;
    %load/vec4 v0x55b7bec6c720_0;
    %subi 2, 0, 32;
    %part/s 1;
    %load/vec4 v0x55b7bec6c530_0;
    %parti/s 1, 31, 6;
    %load/vec4 v0x55b7bec6c1f0_0;
    %parti/s 1, 0, 2;
    %xor;
    %load/vec4 v0x55b7bec6c530_0;
    %parti/s 1, 30, 6;
    %load/vec4 v0x55b7bec6c1f0_0;
    %parti/s 1, 1, 2;
    %xor;
    %xor;
    %xor;
    %ix/getv/s 4, v0x55b7bec6c720_0;
    %store/vec4 v0x55b7bec6c8c0_0, 4, 1;
    %jmp T_0.24;
T_0.13 ;
    %load/vec4 v0x55b7bec6c530_0;
    %load/vec4 v0x55b7bec6c720_0;
    %subi 2, 0, 32;
    %part/s 1;
    %load/vec4 v0x55b7bec6c530_0;
    %parti/s 1, 31, 6;
    %load/vec4 v0x55b7bec6c1f0_0;
    %parti/s 1, 0, 2;
    %xor;
    %load/vec4 v0x55b7bec6c530_0;
    %parti/s 1, 30, 6;
    %load/vec4 v0x55b7bec6c1f0_0;
    %parti/s 1, 1, 2;
    %xor;
    %xor;
    %xor;
    %ix/getv/s 4, v0x55b7bec6c720_0;
    %store/vec4 v0x55b7bec6c8c0_0, 4, 1;
    %jmp T_0.24;
T_0.14 ;
    %load/vec4 v0x55b7bec6c530_0;
    %load/vec4 v0x55b7bec6c720_0;
    %subi 2, 0, 32;
    %part/s 1;
    %load/vec4 v0x55b7bec6c530_0;
    %parti/s 1, 31, 6;
    %load/vec4 v0x55b7bec6c1f0_0;
    %parti/s 1, 0, 2;
    %xor;
    %load/vec4 v0x55b7bec6c530_0;
    %parti/s 1, 30, 6;
    %load/vec4 v0x55b7bec6c1f0_0;
    %parti/s 1, 1, 2;
    %xor;
    %xor;
    %xor;
    %ix/getv/s 4, v0x55b7bec6c720_0;
    %store/vec4 v0x55b7bec6c8c0_0, 4, 1;
    %jmp T_0.24;
T_0.15 ;
    %load/vec4 v0x55b7bec6c530_0;
    %load/vec4 v0x55b7bec6c720_0;
    %subi 2, 0, 32;
    %part/s 1;
    %load/vec4 v0x55b7bec6c530_0;
    %parti/s 1, 31, 6;
    %load/vec4 v0x55b7bec6c1f0_0;
    %parti/s 1, 0, 2;
    %xor;
    %load/vec4 v0x55b7bec6c530_0;
    %parti/s 1, 30, 6;
    %load/vec4 v0x55b7bec6c1f0_0;
    %parti/s 1, 1, 2;
    %xor;
    %xor;
    %xor;
    %ix/getv/s 4, v0x55b7bec6c720_0;
    %store/vec4 v0x55b7bec6c8c0_0, 4, 1;
    %jmp T_0.24;
T_0.16 ;
    %load/vec4 v0x55b7bec6c530_0;
    %load/vec4 v0x55b7bec6c720_0;
    %subi 2, 0, 32;
    %part/s 1;
    %load/vec4 v0x55b7bec6c530_0;
    %parti/s 1, 31, 6;
    %load/vec4 v0x55b7bec6c1f0_0;
    %parti/s 1, 0, 2;
    %xor;
    %xor;
    %ix/getv/s 4, v0x55b7bec6c720_0;
    %store/vec4 v0x55b7bec6c8c0_0, 4, 1;
    %jmp T_0.24;
T_0.17 ;
    %load/vec4 v0x55b7bec6c530_0;
    %load/vec4 v0x55b7bec6c720_0;
    %subi 2, 0, 32;
    %part/s 1;
    %load/vec4 v0x55b7bec6c530_0;
    %parti/s 1, 31, 6;
    %load/vec4 v0x55b7bec6c1f0_0;
    %parti/s 1, 0, 2;
    %xor;
    %xor;
    %ix/getv/s 4, v0x55b7bec6c720_0;
    %store/vec4 v0x55b7bec6c8c0_0, 4, 1;
    %jmp T_0.24;
T_0.18 ;
    %load/vec4 v0x55b7bec6c530_0;
    %load/vec4 v0x55b7bec6c720_0;
    %subi 2, 0, 32;
    %part/s 1;
    %load/vec4 v0x55b7bec6c530_0;
    %parti/s 1, 31, 6;
    %load/vec4 v0x55b7bec6c1f0_0;
    %parti/s 1, 0, 2;
    %xor;
    %xor;
    %ix/getv/s 4, v0x55b7bec6c720_0;
    %store/vec4 v0x55b7bec6c8c0_0, 4, 1;
    %jmp T_0.24;
T_0.19 ;
    %load/vec4 v0x55b7bec6c530_0;
    %load/vec4 v0x55b7bec6c720_0;
    %subi 2, 0, 32;
    %part/s 1;
    %load/vec4 v0x55b7bec6c530_0;
    %parti/s 1, 31, 6;
    %load/vec4 v0x55b7bec6c1f0_0;
    %parti/s 1, 0, 2;
    %xor;
    %xor;
    %ix/getv/s 4, v0x55b7bec6c720_0;
    %store/vec4 v0x55b7bec6c8c0_0, 4, 1;
    %jmp T_0.24;
T_0.20 ;
    %load/vec4 v0x55b7bec6c530_0;
    %load/vec4 v0x55b7bec6c720_0;
    %subi 2, 0, 32;
    %part/s 1;
    %load/vec4 v0x55b7bec6c530_0;
    %parti/s 1, 31, 6;
    %load/vec4 v0x55b7bec6c1f0_0;
    %parti/s 1, 0, 2;
    %xor;
    %xor;
    %ix/getv/s 4, v0x55b7bec6c720_0;
    %store/vec4 v0x55b7bec6c8c0_0, 4, 1;
    %jmp T_0.24;
T_0.21 ;
    %load/vec4 v0x55b7bec6c530_0;
    %load/vec4 v0x55b7bec6c720_0;
    %subi 2, 0, 32;
    %part/s 1;
    %load/vec4 v0x55b7bec6c530_0;
    %parti/s 1, 31, 6;
    %load/vec4 v0x55b7bec6c1f0_0;
    %parti/s 1, 0, 2;
    %xor;
    %xor;
    %ix/getv/s 4, v0x55b7bec6c720_0;
    %store/vec4 v0x55b7bec6c8c0_0, 4, 1;
    %jmp T_0.24;
T_0.22 ;
    %load/vec4 v0x55b7bec6c530_0;
    %load/vec4 v0x55b7bec6c720_0;
    %subi 2, 0, 32;
    %part/s 1;
    %load/vec4 v0x55b7bec6c530_0;
    %parti/s 1, 31, 6;
    %load/vec4 v0x55b7bec6c1f0_0;
    %parti/s 1, 0, 2;
    %xor;
    %xor;
    %ix/getv/s 4, v0x55b7bec6c720_0;
    %store/vec4 v0x55b7bec6c8c0_0, 4, 1;
    %jmp T_0.24;
T_0.24 ;
    %pop/vec4 1;
    %load/vec4 v0x55b7bec6c720_0;
    %addi 1, 0, 32;
    %store/vec4 v0x55b7bec6c720_0, 0, 32;
    %jmp T_0.0;
T_0.1 ;
    %jmp T_0;
    .thread T_0, $push;
    .scope S_0x55b7bec6bf10;
T_1 ;
    %wait E_0x55b7bec3cbd0;
    %load/vec4 v0x55b7bec6c800_0;
    %flag_set/vec4 8;
    %jmp/0xz  T_1.0, 8;
    %pushi/vec4 4294967295, 0, 32;
    %assign/vec4 v0x55b7bec6c530_0, 0;
    %jmp T_1.1;
T_1.0 ;
    %load/vec4 v0x55b7bec6c2f0_0;
    %flag_set/vec4 8;
    %jmp/0 T_1.2, 8;
    %load/vec4 v0x55b7bec6c8c0_0;
    %jmp/1 T_1.3, 8;
T_1.2 ; End of true expr.
    %load/vec4 v0x55b7bec6c530_0;
    %jmp/0 T_1.3, 8;
 ; End of false expr.
    %blend;
T_1.3;
    %assign/vec4 v0x55b7bec6c530_0, 0;
T_1.1 ;
    %jmp T_1;
    .thread T_1;
    .scope S_0x55b7bec6bc70;
T_2 ;
    %wait E_0x55b7bec3cbd0;
    %load/vec4 v0x55b7bec6d120_0;
    %flag_set/vec4 8;
    %jmp/0xz  T_2.0, 8;
    %pushi/vec4 0, 0, 1;
    %assign/vec4 v0x55b7bec6cf40_0, 0;
    %pushi/vec4 0, 0, 1;
    %assign/vec4 v0x55b7bec6cfe0_0, 0;
    %pushi/vec4 0, 0, 1;
    %assign/vec4 v0x55b7bec6d080_0, 0;
T_2.0 ;
    %load/vec4 v0x55b7bec6cd60_0;
    %flag_set/vec4 8;
    %jmp/0xz  T_2.2, 8;
    %pushi/vec4 0, 0, 1;
    %assign/vec4 v0x55b7bec6cd60_0, 0;
T_2.2 ;
    %load/vec4 v0x55b7bec6d080_0;
    %inv;
    %flag_set/vec4 8;
    %jmp/0xz  T_2.4, 8;
    %load/vec4 v0x55b7bec6cc20_0;
    %pad/u 32;
    %cmpi/e 1, 0, 32;
    %jmp/0xz  T_2.6, 4;
    %pushi/vec4 1, 0, 1;
    %assign/vec4 v0x55b7bec6d080_0, 0;
T_2.6 ;
    %jmp T_2.5;
T_2.4 ;
    %load/vec4 v0x55b7bec6cc20_0;
    %pad/u 32;
    %cmpi/e 0, 0, 32;
    %jmp/0xz  T_2.8, 4;
    %pushi/vec4 0, 0, 1;
    %assign/vec4 v0x55b7bec6d080_0, 0;
    %pushi/vec4 1, 0, 1;
    %assign/vec4 v0x55b7bec6cd60_0, 0;
    %pushi/vec4 1, 0, 1;
    %assign/vec4 v0x55b7bec6cf40_0, 0;
    %load/vec4 v0x55b7bec6cb60_0;
    %pad/u 32;
    %cmpi/e 440061106, 0, 32;
    %jmp/0xz  T_2.10, 4;
    %pushi/vec4 0, 0, 1;
    %assign/vec4 v0x55b7bec6cfe0_0, 0;
    %jmp T_2.11;
T_2.10 ;
    %pushi/vec4 1, 0, 1;
    %assign/vec4 v0x55b7bec6cfe0_0, 0;
T_2.11 ;
T_2.8 ;
T_2.5 ;
    %jmp T_2;
    .thread T_2;
    .scope S_0x55b7bebfed80;
T_3 ;
    %delay 1316134912, 2328;
    %load/vec4 v0x55b7bec6d470_0;
    %nor/r;
    %store/vec4 v0x55b7bec6d470_0, 0, 1;
    %jmp T_3;
    .thread T_3;
    .scope S_0x55b7bebfed80;
T_4 ;
    %vpi_call/w 3 24 "$display", "Starting Sim" {0 0 0};
    %vpi_call/w 3 25 "$dumpfile", "cksum.vcd" {0 0 0};
    %vpi_call/w 3 26 "$dumpvars", 32'sb00000000000000000000000000000000, S_0x55b7bebfed80 {0 0 0};
    %pushi/vec4 2227365092, 0, 33;
    %concati/vec4 4064428164, 0, 32;
    %concati/vec4 3838493398, 0, 32;
    %concati/vec4 3435325160, 0, 32;
    %concati/vec4 2178000309, 0, 33;
    %concati/vec4 37, 0, 6;
    %store/vec4 v0x55b7bec6d6f0_0, 0, 168;
    %pushi/vec4 0, 0, 1;
    %store/vec4 v0x55b7bec6d470_0, 0, 1;
    %pushi/vec4 0, 0, 1;
    %store/vec4 v0x55b7bec6d790_0, 0, 1;
    %pushi/vec4 0, 0, 2;
    %store/vec4 v0x55b7bec6d280_0, 0, 2;
    %pushi/vec4 0, 0, 1;
    %store/vec4 v0x55b7bec6d360_0, 0, 1;
    %pushi/vec4 1, 0, 1;
    %store/vec4 v0x55b7bec6d790_0, 0, 1;
    %delay 3601842176, 13969;
    %pushi/vec4 0, 0, 1;
    %store/vec4 v0x55b7bec6d790_0, 0, 1;
    %pushi/vec4 1, 0, 1;
    %store/vec4 v0x55b7bec6d360_0, 0, 1;
    %fork t_1, S_0x55b7bebfef10;
    %jmp t_0;
    .scope S_0x55b7bebfef10;
t_1 ;
    %pushi/vec4 166, 0, 32;
    %store/vec4 v0x55b7bec49d80_0, 0, 32;
T_4.0 ;
    %load/vec4 v0x55b7bec49d80_0;
    %cmpi/s 0, 0, 32;
    %flag_inv 5; GE is !LT
    %jmp/0xz T_4.1, 5;
    %load/vec4 v0x55b7bec6d6f0_0;
    %load/vec4 v0x55b7bec49d80_0;
    %part/s 1;
    %load/vec4 v0x55b7bec6d6f0_0;
    %load/vec4 v0x55b7bec49d80_0;
    %addi 1, 0, 32;
    %part/s 1;
    %concat/vec4; draw_concat_vec4
    %store/vec4 v0x55b7bec6d280_0, 0, 2;
    %delay 2632269824, 4656;
    %load/vec4 v0x55b7bec49d80_0;
    %subi 2, 0, 32;
    %cast2;
    %store/vec4 v0x55b7bec49d80_0, 0, 32;
    %jmp T_4.0;
T_4.1 ;
    %end;
    .scope S_0x55b7bebfed80;
t_0 %join;
    %pushi/vec4 0, 0, 1;
    %store/vec4 v0x55b7bec6d360_0, 0, 1;
    %pushi/vec4 0, 0, 1;
    %store/vec4 v0x55b7bec6d360_0, 0, 1;
    %pushi/vec4 0, 0, 1;
    %store/vec4 v0x55b7bec6d360_0, 0, 1;
    %pushi/vec4 0, 0, 1;
    %store/vec4 v0x55b7bec6d360_0, 0, 1;
    %delay 276447232, 23283;
    %vpi_call/w 3 48 "$display", "Finishing Sim" {0 0 0};
    %vpi_call/w 3 49 "$finish" {0 0 0};
    %end;
    .thread T_4;
# The file index is used to find the file name in the following table.
:file_names 6;
    "N/A";
    "<interactive>";
    "-";
    "sim/cksum_tb.sv";
    "src/cksum.sv";
    "src/crc32.sv";
