#! /usr/local/bin/vvp
:ivl_version "11.0 (stable)" "(v11_0-132-gb2f2414f4)";
:ivl_delay_selection "TYPICAL";
:vpi_time_precision - 12;
:vpi_module "/usr/local/lib/ivl/system.vpi";
:vpi_module "/usr/local/lib/ivl/vhdl_sys.vpi";
:vpi_module "/usr/local/lib/ivl/vhdl_textio.vpi";
:vpi_module "/usr/local/lib/ivl/v2005_math.vpi";
:vpi_module "/usr/local/lib/ivl/va_math.vpi";
:vpi_module "/usr/local/lib/ivl/v2009.vpi";
S_0x55a1e33cc930 .scope package, "$unit" "$unit" 2 1;
 .timescale 0 0;
S_0x55a1e339bdb0 .scope module, "ether_tb" "ether_tb" 3 4;
 .timescale -9 -12;
v0x55a1e3423500_0 .net "axiod", 1 0, v0x55a1e3422c90_0;  1 drivers
v0x55a1e34235e0_0 .net "axiov", 0 0, v0x55a1e3422d90_0;  1 drivers
v0x55a1e34236b0_0 .var "clk", 0 0;
v0x55a1e34237b0_0 .var "crsdv", 0 0;
v0x55a1e3423880_0 .var "rst", 0 0;
v0x55a1e3423920_0 .var "rxd", 1 0;
S_0x55a1e339bf40 .scope begin, "$ivl_for_loop0" "$ivl_for_loop0" 3 45, 3 45 0, S_0x55a1e339bdb0;
 .timescale -9 -12;
v0x55a1e33f05a0_0 .var/2s "i", 31 0;
S_0x55a1e341f910 .scope begin, "$ivl_for_loop1" "$ivl_for_loop1" 3 50, 3 50 0, S_0x55a1e339bdb0;
 .timescale -9 -12;
v0x55a1e341fb10_0 .var/2s "i", 31 0;
S_0x55a1e341fbf0 .scope begin, "$ivl_for_loop10" "$ivl_for_loop10" 3 112, 3 112 0, S_0x55a1e339bdb0;
 .timescale -9 -12;
v0x55a1e341fdd0_0 .var/2s "i", 31 0;
S_0x55a1e341feb0 .scope begin, "$ivl_for_loop11" "$ivl_for_loop11" 3 117, 3 117 0, S_0x55a1e339bdb0;
 .timescale -9 -12;
v0x55a1e3420090_0 .var/2s "i", 31 0;
S_0x55a1e3420190 .scope begin, "$ivl_for_loop12" "$ivl_for_loop12" 3 127, 3 127 0, S_0x55a1e339bdb0;
 .timescale -9 -12;
v0x55a1e34203c0_0 .var/2s "i", 31 0;
S_0x55a1e34204c0 .scope begin, "$ivl_for_loop13" "$ivl_for_loop13" 3 132, 3 132 0, S_0x55a1e339bdb0;
 .timescale -9 -12;
v0x55a1e34206a0_0 .var/2s "i", 31 0;
S_0x55a1e34207a0 .scope begin, "$ivl_for_loop14" "$ivl_for_loop14" 3 143, 3 143 0, S_0x55a1e339bdb0;
 .timescale -9 -12;
v0x55a1e3420980_0 .var/2s "i", 31 0;
S_0x55a1e3420a80 .scope begin, "$ivl_for_loop15" "$ivl_for_loop15" 3 148, 3 148 0, S_0x55a1e339bdb0;
 .timescale -9 -12;
v0x55a1e3420c60_0 .var/2s "i", 31 0;
S_0x55a1e3420d60 .scope begin, "$ivl_for_loop16" "$ivl_for_loop16" 3 153, 3 153 0, S_0x55a1e339bdb0;
 .timescale -9 -12;
v0x55a1e3420f40_0 .var/2s "i", 31 0;
S_0x55a1e3421040 .scope begin, "$ivl_for_loop17" "$ivl_for_loop17" 3 158, 3 158 0, S_0x55a1e339bdb0;
 .timescale -9 -12;
v0x55a1e34211d0_0 .var/2s "i", 31 0;
S_0x55a1e34212d0 .scope begin, "$ivl_for_loop2" "$ivl_for_loop2" 3 59, 3 59 0, S_0x55a1e339bdb0;
 .timescale -9 -12;
v0x55a1e34214b0_0 .var/2s "i", 31 0;
S_0x55a1e34215b0 .scope begin, "$ivl_for_loop3" "$ivl_for_loop3" 3 64, 3 64 0, S_0x55a1e339bdb0;
 .timescale -9 -12;
v0x55a1e3421790_0 .var/2s "i", 31 0;
S_0x55a1e3421890 .scope begin, "$ivl_for_loop4" "$ivl_for_loop4" 3 69, 3 69 0, S_0x55a1e339bdb0;
 .timescale -9 -12;
v0x55a1e3421a70_0 .var/2s "i", 31 0;
S_0x55a1e3421b70 .scope begin, "$ivl_for_loop5" "$ivl_for_loop5" 3 74, 3 74 0, S_0x55a1e339bdb0;
 .timescale -9 -12;
v0x55a1e3421d50_0 .var/2s "i", 31 0;
S_0x55a1e3421e50 .scope begin, "$ivl_for_loop6" "$ivl_for_loop6" 3 84, 3 84 0, S_0x55a1e339bdb0;
 .timescale -9 -12;
v0x55a1e3422030_0 .var/2s "i", 31 0;
S_0x55a1e3422130 .scope begin, "$ivl_for_loop7" "$ivl_for_loop7" 3 93, 3 93 0, S_0x55a1e339bdb0;
 .timescale -9 -12;
v0x55a1e3422310_0 .var/2s "i", 31 0;
S_0x55a1e3422410 .scope begin, "$ivl_for_loop8" "$ivl_for_loop8" 3 102, 3 102 0, S_0x55a1e339bdb0;
 .timescale -9 -12;
v0x55a1e34225f0_0 .var/2s "i", 31 0;
S_0x55a1e34226f0 .scope begin, "$ivl_for_loop9" "$ivl_for_loop9" 3 107, 3 107 0, S_0x55a1e339bdb0;
 .timescale -9 -12;
v0x55a1e34228d0_0 .var/2s "i", 31 0;
S_0x55a1e34229d0 .scope module, "uut" "ether" 3 19, 4 4 0, S_0x55a1e339bdb0;
 .timescale -9 -12;
    .port_info 0 /INPUT 1 "clk";
    .port_info 1 /INPUT 1 "rst";
    .port_info 2 /INPUT 2 "rxd";
    .port_info 3 /INPUT 1 "crsdv";
    .port_info 4 /OUTPUT 1 "axiov";
    .port_info 5 /OUTPUT 2 "axiod";
v0x55a1e3422c90_0 .var "axiod", 1 0;
v0x55a1e3422d90_0 .var "axiov", 0 0;
v0x55a1e3422e50_0 .net "clk", 0 0, v0x55a1e34236b0_0;  1 drivers
v0x55a1e3422ef0_0 .net "crsdv", 0 0, v0x55a1e34237b0_0;  1 drivers
v0x55a1e3422fb0_0 .var "now_state", 3 0;
v0x55a1e34230e0_0 .net "rst", 0 0, v0x55a1e3423880_0;  1 drivers
v0x55a1e34231a0_0 .net "rxd", 1 0, v0x55a1e3423920_0;  1 drivers
v0x55a1e3423280_0 .var "rxd_count", 5 0;
v0x55a1e3423360_0 .var "sfd_count", 2 0;
E_0x55a1e33f2340 .event posedge, v0x55a1e3422e50_0;
    .scope S_0x55a1e34229d0;
T_0 ;
    %wait E_0x55a1e33f2340;
    %load/vec4 v0x55a1e34230e0_0;
    %flag_set/vec4 8;
    %jmp/0xz  T_0.0, 8;
    %pushi/vec4 0, 0, 6;
    %assign/vec4 v0x55a1e3423280_0, 0;
    %pushi/vec4 0, 0, 3;
    %assign/vec4 v0x55a1e3423360_0, 0;
    %pushi/vec4 0, 0, 1;
    %assign/vec4 v0x55a1e3422d90_0, 0;
    %pushi/vec4 0, 0, 2;
    %assign/vec4 v0x55a1e3422c90_0, 0;
    %pushi/vec4 0, 0, 4;
    %assign/vec4 v0x55a1e3422fb0_0, 0;
    %jmp T_0.1;
T_0.0 ;
    %load/vec4 v0x55a1e3422ef0_0;
    %flag_set/vec4 8;
    %jmp/0xz  T_0.2, 8;
    %load/vec4 v0x55a1e3422fb0_0;
    %dup/vec4;
    %pushi/vec4 0, 0, 4;
    %cmp/u;
    %jmp/1 T_0.4, 6;
    %dup/vec4;
    %pushi/vec4 1, 0, 4;
    %cmp/u;
    %jmp/1 T_0.5, 6;
    %dup/vec4;
    %pushi/vec4 2, 0, 4;
    %cmp/u;
    %jmp/1 T_0.6, 6;
    %dup/vec4;
    %pushi/vec4 4, 0, 4;
    %cmp/u;
    %jmp/1 T_0.7, 6;
    %jmp T_0.8;
T_0.4 ;
    %load/vec4 v0x55a1e34231a0_0;
    %cmpi/e 1, 0, 2;
    %jmp/0xz  T_0.9, 4;
    %pushi/vec4 1, 0, 4;
    %assign/vec4 v0x55a1e3422fb0_0, 0;
    %pushi/vec4 1, 0, 6;
    %assign/vec4 v0x55a1e3423280_0, 0;
T_0.9 ;
    %jmp T_0.8;
T_0.5 ;
    %load/vec4 v0x55a1e34231a0_0;
    %cmpi/e 1, 0, 2;
    %jmp/0xz  T_0.11, 4;
    %load/vec4 v0x55a1e3423280_0;
    %cmpi/e 55, 0, 6;
    %jmp/0xz  T_0.13, 4;
    %pushi/vec4 0, 0, 6;
    %assign/vec4 v0x55a1e3423280_0, 0;
    %pushi/vec4 2, 0, 4;
    %assign/vec4 v0x55a1e3422fb0_0, 0;
    %jmp T_0.14;
T_0.13 ;
    %load/vec4 v0x55a1e3423280_0;
    %addi 1, 0, 6;
    %assign/vec4 v0x55a1e3423280_0, 0;
T_0.14 ;
    %jmp T_0.12;
T_0.11 ;
    %pushi/vec4 0, 0, 6;
    %assign/vec4 v0x55a1e3423280_0, 0;
    %pushi/vec4 0, 0, 4;
    %assign/vec4 v0x55a1e3422fb0_0, 0;
T_0.12 ;
    %jmp T_0.8;
T_0.6 ;
    %load/vec4 v0x55a1e3423360_0;
    %pad/u 32;
    %cmpi/u 3, 0, 32;
    %jmp/0xz  T_0.15, 5;
    %load/vec4 v0x55a1e34231a0_0;
    %cmpi/e 1, 0, 2;
    %jmp/0xz  T_0.17, 4;
    %load/vec4 v0x55a1e3423360_0;
    %addi 1, 0, 3;
    %assign/vec4 v0x55a1e3423360_0, 0;
    %jmp T_0.18;
T_0.17 ;
    %pushi/vec4 0, 0, 3;
    %assign/vec4 v0x55a1e3423360_0, 0;
    %pushi/vec4 0, 0, 4;
    %assign/vec4 v0x55a1e3422fb0_0, 0;
T_0.18 ;
    %jmp T_0.16;
T_0.15 ;
    %load/vec4 v0x55a1e3423360_0;
    %pad/u 32;
    %cmpi/e 3, 0, 32;
    %jmp/0xz  T_0.19, 4;
    %load/vec4 v0x55a1e34231a0_0;
    %cmpi/e 3, 0, 2;
    %jmp/0xz  T_0.21, 4;
    %pushi/vec4 0, 0, 3;
    %assign/vec4 v0x55a1e3423360_0, 0;
    %pushi/vec4 4, 0, 4;
    %assign/vec4 v0x55a1e3422fb0_0, 0;
    %jmp T_0.22;
T_0.21 ;
    %pushi/vec4 0, 0, 3;
    %assign/vec4 v0x55a1e3423360_0, 0;
    %pushi/vec4 0, 0, 4;
    %assign/vec4 v0x55a1e3422fb0_0, 0;
T_0.22 ;
T_0.19 ;
T_0.16 ;
    %jmp T_0.8;
T_0.7 ;
    %load/vec4 v0x55a1e3422ef0_0;
    %flag_set/vec4 8;
    %jmp/0xz  T_0.23, 8;
    %pushi/vec4 1, 0, 1;
    %assign/vec4 v0x55a1e3422d90_0, 0;
    %load/vec4 v0x55a1e34231a0_0;
    %assign/vec4 v0x55a1e3422c90_0, 0;
    %jmp T_0.24;
T_0.23 ;
    %pushi/vec4 0, 0, 1;
    %assign/vec4 v0x55a1e3422d90_0, 0;
    %pushi/vec4 0, 0, 2;
    %assign/vec4 v0x55a1e3422c90_0, 0;
    %pushi/vec4 0, 0, 4;
    %assign/vec4 v0x55a1e3422fb0_0, 0;
T_0.24 ;
    %jmp T_0.8;
T_0.8 ;
    %pop/vec4 1;
    %jmp T_0.3;
T_0.2 ;
    %pushi/vec4 0, 0, 6;
    %assign/vec4 v0x55a1e3423280_0, 0;
    %pushi/vec4 0, 0, 3;
    %assign/vec4 v0x55a1e3423360_0, 0;
    %pushi/vec4 0, 0, 1;
    %assign/vec4 v0x55a1e3422d90_0, 0;
    %pushi/vec4 0, 0, 2;
    %assign/vec4 v0x55a1e3422c90_0, 0;
    %pushi/vec4 0, 0, 4;
    %assign/vec4 v0x55a1e3422fb0_0, 0;
T_0.3 ;
T_0.1 ;
    %jmp T_0;
    .thread T_0;
    .scope S_0x55a1e339bdb0;
T_1 ;
    %delay 10000, 0;
    %load/vec4 v0x55a1e34236b0_0;
    %nor/r;
    %store/vec4 v0x55a1e34236b0_0, 0, 1;
    %jmp T_1;
    .thread T_1;
    .scope S_0x55a1e339bdb0;
T_2 ;
    %vpi_call/w 3 33 "$dumpfile", "ether.vcd" {0 0 0};
    %vpi_call/w 3 34 "$dumpvars", 32'sb00000000000000000000000000000000, S_0x55a1e339bdb0 {0 0 0};
    %vpi_call/w 3 35 "$display", "Starting Sim" {0 0 0};
    %pushi/vec4 0, 0, 1;
    %store/vec4 v0x55a1e34236b0_0, 0, 1;
    %delay 20000, 0;
    %pushi/vec4 1, 0, 1;
    %store/vec4 v0x55a1e3423880_0, 0, 1;
    %delay 10000, 0;
    %pushi/vec4 0, 0, 1;
    %store/vec4 v0x55a1e3423880_0, 0, 1;
    %delay 10000, 0;
    %pushi/vec4 1, 0, 1;
    %store/vec4 v0x55a1e34237b0_0, 0, 1;
    %fork t_1, S_0x55a1e339bf40;
    %jmp t_0;
    .scope S_0x55a1e339bf40;
t_1 ;
    %pushi/vec4 0, 0, 32;
    %store/vec4 v0x55a1e33f05a0_0, 0, 32;
T_2.0 ;
    %load/vec4 v0x55a1e33f05a0_0;
    %cmpi/s 56, 0, 32;
    %jmp/0xz T_2.1, 5;
    %pushi/vec4 1, 0, 2;
    %store/vec4 v0x55a1e3423920_0, 0, 2;
    %delay 20000, 0;
    %load/vec4 v0x55a1e33f05a0_0;
    %addi 1, 0, 32;
    %cast2;
    %store/vec4 v0x55a1e33f05a0_0, 0, 32;
    %jmp T_2.0;
T_2.1 ;
    %end;
    .scope S_0x55a1e339bdb0;
t_0 %join;
    %fork t_3, S_0x55a1e341f910;
    %jmp t_2;
    .scope S_0x55a1e341f910;
t_3 ;
    %pushi/vec4 0, 0, 32;
    %store/vec4 v0x55a1e341fb10_0, 0, 32;
T_2.2 ;
    %load/vec4 v0x55a1e341fb10_0;
    %cmpi/s 4, 0, 32;
    %jmp/0xz T_2.3, 5;
    %load/vec4 v0x55a1e341fb10_0;
    %cmpi/s 3, 0, 32;
    %jmp/0xz  T_2.4, 5;
    %pushi/vec4 1, 0, 2;
    %store/vec4 v0x55a1e3423920_0, 0, 2;
    %jmp T_2.5;
T_2.4 ;
    %pushi/vec4 3, 0, 2;
    %store/vec4 v0x55a1e3423920_0, 0, 2;
T_2.5 ;
    %delay 20000, 0;
    %load/vec4 v0x55a1e341fb10_0;
    %addi 1, 0, 32;
    %cast2;
    %store/vec4 v0x55a1e341fb10_0, 0, 32;
    %jmp T_2.2;
T_2.3 ;
    %end;
    .scope S_0x55a1e339bdb0;
t_2 %join;
    %fork t_5, S_0x55a1e34212d0;
    %jmp t_4;
    .scope S_0x55a1e34212d0;
t_5 ;
    %pushi/vec4 0, 0, 32;
    %store/vec4 v0x55a1e34214b0_0, 0, 32;
T_2.6 ;
    %load/vec4 v0x55a1e34214b0_0;
    %cmpi/s 48, 0, 32;
    %jmp/0xz T_2.7, 5;
    %pushi/vec4 3, 0, 2;
    %store/vec4 v0x55a1e3423920_0, 0, 2;
    %delay 20000, 0;
    %load/vec4 v0x55a1e34214b0_0;
    %addi 1, 0, 32;
    %cast2;
    %store/vec4 v0x55a1e34214b0_0, 0, 32;
    %jmp T_2.6;
T_2.7 ;
    %end;
    .scope S_0x55a1e339bdb0;
t_4 %join;
    %fork t_7, S_0x55a1e34215b0;
    %jmp t_6;
    .scope S_0x55a1e34215b0;
t_7 ;
    %pushi/vec4 0, 0, 32;
    %store/vec4 v0x55a1e3421790_0, 0, 32;
T_2.8 ;
    %load/vec4 v0x55a1e3421790_0;
    %cmpi/s 48, 0, 32;
    %jmp/0xz T_2.9, 5;
    %pushi/vec4 3, 0, 2;
    %store/vec4 v0x55a1e3423920_0, 0, 2;
    %delay 20000, 0;
    %load/vec4 v0x55a1e3421790_0;
    %addi 1, 0, 32;
    %cast2;
    %store/vec4 v0x55a1e3421790_0, 0, 32;
    %jmp T_2.8;
T_2.9 ;
    %end;
    .scope S_0x55a1e339bdb0;
t_6 %join;
    %fork t_9, S_0x55a1e3421890;
    %jmp t_8;
    .scope S_0x55a1e3421890;
t_9 ;
    %pushi/vec4 0, 0, 32;
    %store/vec4 v0x55a1e3421a70_0, 0, 32;
T_2.10 ;
    %load/vec4 v0x55a1e3421a70_0;
    %cmpi/s 16, 0, 32;
    %jmp/0xz T_2.11, 5;
    %pushi/vec4 2, 0, 2;
    %store/vec4 v0x55a1e3423920_0, 0, 2;
    %delay 20000, 0;
    %load/vec4 v0x55a1e3421a70_0;
    %addi 1, 0, 32;
    %cast2;
    %store/vec4 v0x55a1e3421a70_0, 0, 32;
    %jmp T_2.10;
T_2.11 ;
    %end;
    .scope S_0x55a1e339bdb0;
t_8 %join;
    %fork t_11, S_0x55a1e3421b70;
    %jmp t_10;
    .scope S_0x55a1e3421b70;
t_11 ;
    %pushi/vec4 0, 0, 32;
    %store/vec4 v0x55a1e3421d50_0, 0, 32;
T_2.12 ;
    %load/vec4 v0x55a1e3421d50_0;
    %cmpi/s 16, 0, 32;
    %jmp/0xz T_2.13, 5;
    %pushi/vec4 3, 0, 2;
    %store/vec4 v0x55a1e3423920_0, 0, 2;
    %delay 20000, 0;
    %load/vec4 v0x55a1e3421d50_0;
    %addi 1, 0, 32;
    %cast2;
    %store/vec4 v0x55a1e3421d50_0, 0, 32;
    %jmp T_2.12;
T_2.13 ;
    %end;
    .scope S_0x55a1e339bdb0;
t_10 %join;
    %pushi/vec4 0, 0, 1;
    %store/vec4 v0x55a1e34237b0_0, 0, 1;
    %delay 20000, 0;
    %pushi/vec4 1, 0, 1;
    %store/vec4 v0x55a1e34237b0_0, 0, 1;
    %delay 20000, 0;
    %fork t_13, S_0x55a1e3421e50;
    %jmp t_12;
    .scope S_0x55a1e3421e50;
t_13 ;
    %pushi/vec4 0, 0, 32;
    %store/vec4 v0x55a1e3422030_0, 0, 32;
T_2.14 ;
    %load/vec4 v0x55a1e3422030_0;
    %cmpi/s 56, 0, 32;
    %jmp/0xz T_2.15, 5;
    %load/vec4 v0x55a1e3422030_0;
    %cmpi/e 20, 0, 32;
    %jmp/0xz  T_2.16, 4;
    %pushi/vec4 2, 0, 2;
    %store/vec4 v0x55a1e3423920_0, 0, 2;
    %jmp T_2.17;
T_2.16 ;
    %pushi/vec4 1, 0, 2;
    %store/vec4 v0x55a1e3423920_0, 0, 2;
T_2.17 ;
    %delay 20000, 0;
    %load/vec4 v0x55a1e3422030_0;
    %addi 1, 0, 32;
    %cast2;
    %store/vec4 v0x55a1e3422030_0, 0, 32;
    %jmp T_2.14;
T_2.15 ;
    %end;
    .scope S_0x55a1e339bdb0;
t_12 %join;
    %fork t_15, S_0x55a1e3422130;
    %jmp t_14;
    .scope S_0x55a1e3422130;
t_15 ;
    %pushi/vec4 0, 0, 32;
    %store/vec4 v0x55a1e3422310_0, 0, 32;
T_2.18 ;
    %load/vec4 v0x55a1e3422310_0;
    %cmpi/s 4, 0, 32;
    %jmp/0xz T_2.19, 5;
    %load/vec4 v0x55a1e3422310_0;
    %cmpi/s 3, 0, 32;
    %jmp/0xz  T_2.20, 5;
    %pushi/vec4 1, 0, 2;
    %store/vec4 v0x55a1e3423920_0, 0, 2;
    %jmp T_2.21;
T_2.20 ;
    %pushi/vec4 3, 0, 2;
    %store/vec4 v0x55a1e3423920_0, 0, 2;
T_2.21 ;
    %delay 20000, 0;
    %load/vec4 v0x55a1e3422310_0;
    %addi 1, 0, 32;
    %cast2;
    %store/vec4 v0x55a1e3422310_0, 0, 32;
    %jmp T_2.18;
T_2.19 ;
    %end;
    .scope S_0x55a1e339bdb0;
t_14 %join;
    %fork t_17, S_0x55a1e3422410;
    %jmp t_16;
    .scope S_0x55a1e3422410;
t_17 ;
    %pushi/vec4 0, 0, 32;
    %store/vec4 v0x55a1e34225f0_0, 0, 32;
T_2.22 ;
    %load/vec4 v0x55a1e34225f0_0;
    %cmpi/s 48, 0, 32;
    %jmp/0xz T_2.23, 5;
    %pushi/vec4 3, 0, 2;
    %store/vec4 v0x55a1e3423920_0, 0, 2;
    %delay 20000, 0;
    %load/vec4 v0x55a1e34225f0_0;
    %addi 1, 0, 32;
    %cast2;
    %store/vec4 v0x55a1e34225f0_0, 0, 32;
    %jmp T_2.22;
T_2.23 ;
    %end;
    .scope S_0x55a1e339bdb0;
t_16 %join;
    %fork t_19, S_0x55a1e34226f0;
    %jmp t_18;
    .scope S_0x55a1e34226f0;
t_19 ;
    %pushi/vec4 0, 0, 32;
    %store/vec4 v0x55a1e34228d0_0, 0, 32;
T_2.24 ;
    %load/vec4 v0x55a1e34228d0_0;
    %cmpi/s 48, 0, 32;
    %jmp/0xz T_2.25, 5;
    %pushi/vec4 3, 0, 2;
    %store/vec4 v0x55a1e3423920_0, 0, 2;
    %delay 20000, 0;
    %load/vec4 v0x55a1e34228d0_0;
    %addi 1, 0, 32;
    %cast2;
    %store/vec4 v0x55a1e34228d0_0, 0, 32;
    %jmp T_2.24;
T_2.25 ;
    %end;
    .scope S_0x55a1e339bdb0;
t_18 %join;
    %fork t_21, S_0x55a1e341fbf0;
    %jmp t_20;
    .scope S_0x55a1e341fbf0;
t_21 ;
    %pushi/vec4 0, 0, 32;
    %store/vec4 v0x55a1e341fdd0_0, 0, 32;
T_2.26 ;
    %load/vec4 v0x55a1e341fdd0_0;
    %cmpi/s 16, 0, 32;
    %jmp/0xz T_2.27, 5;
    %pushi/vec4 2, 0, 2;
    %store/vec4 v0x55a1e3423920_0, 0, 2;
    %delay 20000, 0;
    %load/vec4 v0x55a1e341fdd0_0;
    %addi 1, 0, 32;
    %cast2;
    %store/vec4 v0x55a1e341fdd0_0, 0, 32;
    %jmp T_2.26;
T_2.27 ;
    %end;
    .scope S_0x55a1e339bdb0;
t_20 %join;
    %fork t_23, S_0x55a1e341feb0;
    %jmp t_22;
    .scope S_0x55a1e341feb0;
t_23 ;
    %pushi/vec4 0, 0, 32;
    %store/vec4 v0x55a1e3420090_0, 0, 32;
T_2.28 ;
    %load/vec4 v0x55a1e3420090_0;
    %cmpi/s 16, 0, 32;
    %jmp/0xz T_2.29, 5;
    %pushi/vec4 3, 0, 2;
    %store/vec4 v0x55a1e3423920_0, 0, 2;
    %delay 20000, 0;
    %load/vec4 v0x55a1e3420090_0;
    %addi 1, 0, 32;
    %cast2;
    %store/vec4 v0x55a1e3420090_0, 0, 32;
    %jmp T_2.28;
T_2.29 ;
    %end;
    .scope S_0x55a1e339bdb0;
t_22 %join;
    %pushi/vec4 0, 0, 1;
    %store/vec4 v0x55a1e34237b0_0, 0, 1;
    %delay 20000, 0;
    %pushi/vec4 1, 0, 1;
    %store/vec4 v0x55a1e34237b0_0, 0, 1;
    %delay 20000, 0;
    %fork t_25, S_0x55a1e3420190;
    %jmp t_24;
    .scope S_0x55a1e3420190;
t_25 ;
    %pushi/vec4 0, 0, 32;
    %store/vec4 v0x55a1e34203c0_0, 0, 32;
T_2.30 ;
    %load/vec4 v0x55a1e34203c0_0;
    %cmpi/s 56, 0, 32;
    %jmp/0xz T_2.31, 5;
    %pushi/vec4 1, 0, 2;
    %store/vec4 v0x55a1e3423920_0, 0, 2;
    %delay 20000, 0;
    %load/vec4 v0x55a1e34203c0_0;
    %addi 1, 0, 32;
    %cast2;
    %store/vec4 v0x55a1e34203c0_0, 0, 32;
    %jmp T_2.30;
T_2.31 ;
    %end;
    .scope S_0x55a1e339bdb0;
t_24 %join;
    %fork t_27, S_0x55a1e34204c0;
    %jmp t_26;
    .scope S_0x55a1e34204c0;
t_27 ;
    %pushi/vec4 0, 0, 32;
    %store/vec4 v0x55a1e34206a0_0, 0, 32;
T_2.32 ;
    %load/vec4 v0x55a1e34206a0_0;
    %cmpi/s 4, 0, 32;
    %jmp/0xz T_2.33, 5;
    %load/vec4 v0x55a1e34206a0_0;
    %cmpi/e 1, 0, 32;
    %jmp/0xz  T_2.34, 4;
    %pushi/vec4 3, 0, 2;
    %store/vec4 v0x55a1e3423920_0, 0, 2;
    %jmp T_2.35;
T_2.34 ;
    %load/vec4 v0x55a1e34206a0_0;
    %cmpi/e 3, 0, 32;
    %jmp/0xz  T_2.36, 4;
    %pushi/vec4 3, 0, 2;
    %store/vec4 v0x55a1e3423920_0, 0, 2;
    %jmp T_2.37;
T_2.36 ;
    %pushi/vec4 1, 0, 2;
    %store/vec4 v0x55a1e3423920_0, 0, 2;
T_2.37 ;
T_2.35 ;
    %delay 20000, 0;
    %load/vec4 v0x55a1e34206a0_0;
    %addi 1, 0, 32;
    %cast2;
    %store/vec4 v0x55a1e34206a0_0, 0, 32;
    %jmp T_2.32;
T_2.33 ;
    %end;
    .scope S_0x55a1e339bdb0;
t_26 %join;
    %fork t_29, S_0x55a1e34207a0;
    %jmp t_28;
    .scope S_0x55a1e34207a0;
t_29 ;
    %pushi/vec4 0, 0, 32;
    %store/vec4 v0x55a1e3420980_0, 0, 32;
T_2.38 ;
    %load/vec4 v0x55a1e3420980_0;
    %cmpi/s 48, 0, 32;
    %jmp/0xz T_2.39, 5;
    %pushi/vec4 3, 0, 2;
    %store/vec4 v0x55a1e3423920_0, 0, 2;
    %delay 20000, 0;
    %load/vec4 v0x55a1e3420980_0;
    %addi 1, 0, 32;
    %cast2;
    %store/vec4 v0x55a1e3420980_0, 0, 32;
    %jmp T_2.38;
T_2.39 ;
    %end;
    .scope S_0x55a1e339bdb0;
t_28 %join;
    %fork t_31, S_0x55a1e3420a80;
    %jmp t_30;
    .scope S_0x55a1e3420a80;
t_31 ;
    %pushi/vec4 0, 0, 32;
    %store/vec4 v0x55a1e3420c60_0, 0, 32;
T_2.40 ;
    %load/vec4 v0x55a1e3420c60_0;
    %cmpi/s 48, 0, 32;
    %jmp/0xz T_2.41, 5;
    %pushi/vec4 3, 0, 2;
    %store/vec4 v0x55a1e3423920_0, 0, 2;
    %delay 20000, 0;
    %load/vec4 v0x55a1e3420c60_0;
    %addi 1, 0, 32;
    %cast2;
    %store/vec4 v0x55a1e3420c60_0, 0, 32;
    %jmp T_2.40;
T_2.41 ;
    %end;
    .scope S_0x55a1e339bdb0;
t_30 %join;
    %fork t_33, S_0x55a1e3420d60;
    %jmp t_32;
    .scope S_0x55a1e3420d60;
t_33 ;
    %pushi/vec4 0, 0, 32;
    %store/vec4 v0x55a1e3420f40_0, 0, 32;
T_2.42 ;
    %load/vec4 v0x55a1e3420f40_0;
    %cmpi/s 16, 0, 32;
    %jmp/0xz T_2.43, 5;
    %pushi/vec4 2, 0, 2;
    %store/vec4 v0x55a1e3423920_0, 0, 2;
    %delay 20000, 0;
    %load/vec4 v0x55a1e3420f40_0;
    %addi 1, 0, 32;
    %cast2;
    %store/vec4 v0x55a1e3420f40_0, 0, 32;
    %jmp T_2.42;
T_2.43 ;
    %end;
    .scope S_0x55a1e339bdb0;
t_32 %join;
    %fork t_35, S_0x55a1e3421040;
    %jmp t_34;
    .scope S_0x55a1e3421040;
t_35 ;
    %pushi/vec4 0, 0, 32;
    %store/vec4 v0x55a1e34211d0_0, 0, 32;
T_2.44 ;
    %load/vec4 v0x55a1e34211d0_0;
    %cmpi/s 16, 0, 32;
    %jmp/0xz T_2.45, 5;
    %pushi/vec4 3, 0, 2;
    %store/vec4 v0x55a1e3423920_0, 0, 2;
    %delay 20000, 0;
    %load/vec4 v0x55a1e34211d0_0;
    %addi 1, 0, 32;
    %cast2;
    %store/vec4 v0x55a1e34211d0_0, 0, 32;
    %jmp T_2.44;
T_2.45 ;
    %end;
    .scope S_0x55a1e339bdb0;
t_34 %join;
    %pushi/vec4 0, 0, 1;
    %store/vec4 v0x55a1e34237b0_0, 0, 1;
    %delay 20000, 0;
    %vpi_call/w 3 166 "$display", "Finishing Sim" {0 0 0};
    %vpi_call/w 3 167 "$finish" {0 0 0};
    %end;
    .thread T_2;
# The file index is used to find the file name in the following table.
:file_names 5;
    "N/A";
    "<interactive>";
    "-";
    "sim/ether_tb.sv";
    "src/ether.sv";
