#! /usr/local/bin/vvp
:ivl_version "11.0 (stable)" "(v11_0-132-gb2f2414f4)";
:ivl_delay_selection "TYPICAL";
:vpi_time_precision - 12;
:vpi_module "/usr/local/lib/ivl/system.vpi";
:vpi_module "/usr/local/lib/ivl/vhdl_sys.vpi";
:vpi_module "/usr/local/lib/ivl/vhdl_textio.vpi";
:vpi_module "/usr/local/lib/ivl/v2005_math.vpi";
:vpi_module "/usr/local/lib/ivl/va_math.vpi";
:vpi_module "/usr/local/lib/ivl/v2009.vpi";
S_0x55eb410a1410 .scope package, "$unit" "$unit" 2 1;
 .timescale 0 0;
S_0x55eb4106fdb0 .scope module, "ether_tb" "ether_tb" 3 4;
 .timescale -9 -12;
v0x55eb410fcd40_0 .net "axiod", 1 0, v0x55eb410fc4d0_0;  1 drivers
v0x55eb410fce20_0 .net "axiov", 0 0, v0x55eb410fc5d0_0;  1 drivers
v0x55eb410fcef0_0 .var "clk", 0 0;
v0x55eb410fcff0_0 .var "crsdv", 0 0;
v0x55eb410fd0c0_0 .var "rst", 0 0;
v0x55eb410fd160_0 .var "rxd", 1 0;
S_0x55eb4106ff40 .scope begin, "$ivl_for_loop0" "$ivl_for_loop0" 3 44, 3 44 0, S_0x55eb4106fdb0;
 .timescale -9 -12;
v0x55eb410c77d0_0 .var/2s "i", 31 0;
S_0x55eb410f8b90 .scope begin, "$ivl_for_loop1" "$ivl_for_loop1" 3 49, 3 49 0, S_0x55eb4106fdb0;
 .timescale -9 -12;
v0x55eb410f8d90_0 .var/2s "i", 31 0;
S_0x55eb410f8e70 .scope begin, "$ivl_for_loop10" "$ivl_for_loop10" 3 111, 3 111 0, S_0x55eb4106fdb0;
 .timescale -9 -12;
v0x55eb410f9050_0 .var/2s "i", 31 0;
S_0x55eb410f9130 .scope begin, "$ivl_for_loop11" "$ivl_for_loop11" 3 116, 3 116 0, S_0x55eb4106fdb0;
 .timescale -9 -12;
v0x55eb410f9310_0 .var/2s "i", 31 0;
S_0x55eb410f9410 .scope begin, "$ivl_for_loop12" "$ivl_for_loop12" 3 126, 3 126 0, S_0x55eb4106fdb0;
 .timescale -9 -12;
v0x55eb410f9640_0 .var/2s "i", 31 0;
S_0x55eb410f9740 .scope begin, "$ivl_for_loop13" "$ivl_for_loop13" 3 131, 3 131 0, S_0x55eb4106fdb0;
 .timescale -9 -12;
v0x55eb410f9920_0 .var/2s "i", 31 0;
S_0x55eb410f9a20 .scope begin, "$ivl_for_loop14" "$ivl_for_loop14" 3 151, 3 151 0, S_0x55eb4106fdb0;
 .timescale -9 -12;
v0x55eb410f9c00_0 .var/2s "i", 31 0;
S_0x55eb410f9d00 .scope begin, "$ivl_for_loop15" "$ivl_for_loop15" 3 156, 3 156 0, S_0x55eb4106fdb0;
 .timescale -9 -12;
v0x55eb410f9ee0_0 .var/2s "i", 31 0;
S_0x55eb410f9fe0 .scope begin, "$ivl_for_loop16" "$ivl_for_loop16" 3 165, 3 165 0, S_0x55eb4106fdb0;
 .timescale -9 -12;
v0x55eb410fa1c0_0 .var/2s "i", 31 0;
S_0x55eb410fa2c0 .scope begin, "$ivl_for_loop17" "$ivl_for_loop17" 3 170, 3 170 0, S_0x55eb4106fdb0;
 .timescale -9 -12;
v0x55eb410fa450_0 .var/2s "i", 31 0;
S_0x55eb410fa550 .scope begin, "$ivl_for_loop18" "$ivl_for_loop18" 3 175, 3 175 0, S_0x55eb4106fdb0;
 .timescale -9 -12;
v0x55eb410fa730_0 .var/2s "i", 31 0;
S_0x55eb410fa830 .scope begin, "$ivl_for_loop19" "$ivl_for_loop19" 3 180, 3 180 0, S_0x55eb4106fdb0;
 .timescale -9 -12;
v0x55eb410faa10_0 .var/2s "i", 31 0;
S_0x55eb410fab10 .scope begin, "$ivl_for_loop2" "$ivl_for_loop2" 3 58, 3 58 0, S_0x55eb4106fdb0;
 .timescale -9 -12;
v0x55eb410facf0_0 .var/2s "i", 31 0;
S_0x55eb410fadf0 .scope begin, "$ivl_for_loop3" "$ivl_for_loop3" 3 63, 3 63 0, S_0x55eb4106fdb0;
 .timescale -9 -12;
v0x55eb410fafd0_0 .var/2s "i", 31 0;
S_0x55eb410fb0d0 .scope begin, "$ivl_for_loop4" "$ivl_for_loop4" 3 68, 3 68 0, S_0x55eb4106fdb0;
 .timescale -9 -12;
v0x55eb410fb2b0_0 .var/2s "i", 31 0;
S_0x55eb410fb3b0 .scope begin, "$ivl_for_loop5" "$ivl_for_loop5" 3 73, 3 73 0, S_0x55eb4106fdb0;
 .timescale -9 -12;
v0x55eb410fb590_0 .var/2s "i", 31 0;
S_0x55eb410fb690 .scope begin, "$ivl_for_loop6" "$ivl_for_loop6" 3 83, 3 83 0, S_0x55eb4106fdb0;
 .timescale -9 -12;
v0x55eb410fb870_0 .var/2s "i", 31 0;
S_0x55eb410fb970 .scope begin, "$ivl_for_loop7" "$ivl_for_loop7" 3 92, 3 92 0, S_0x55eb4106fdb0;
 .timescale -9 -12;
v0x55eb410fbb50_0 .var/2s "i", 31 0;
S_0x55eb410fbc50 .scope begin, "$ivl_for_loop8" "$ivl_for_loop8" 3 101, 3 101 0, S_0x55eb4106fdb0;
 .timescale -9 -12;
v0x55eb410fbe30_0 .var/2s "i", 31 0;
S_0x55eb410fbf30 .scope begin, "$ivl_for_loop9" "$ivl_for_loop9" 3 106, 3 106 0, S_0x55eb4106fdb0;
 .timescale -9 -12;
v0x55eb410fc110_0 .var/2s "i", 31 0;
S_0x55eb410fc210 .scope module, "uut" "ether" 3 19, 4 4 0, S_0x55eb4106fdb0;
 .timescale -9 -12;
    .port_info 0 /INPUT 1 "clk";
    .port_info 1 /INPUT 1 "rst";
    .port_info 2 /INPUT 2 "rxd";
    .port_info 3 /INPUT 1 "crsdv";
    .port_info 4 /OUTPUT 1 "axiov";
    .port_info 5 /OUTPUT 2 "axiod";
v0x55eb410fc4d0_0 .var "axiod", 1 0;
v0x55eb410fc5d0_0 .var "axiov", 0 0;
v0x55eb410fc690_0 .net "clk", 0 0, v0x55eb410fcef0_0;  1 drivers
v0x55eb410fc730_0 .net "crsdv", 0 0, v0x55eb410fcff0_0;  1 drivers
v0x55eb410fc7f0_0 .var "now_state", 3 0;
v0x55eb410fc920_0 .net "rst", 0 0, v0x55eb410fd0c0_0;  1 drivers
v0x55eb410fc9e0_0 .net "rxd", 1 0, v0x55eb410fd160_0;  1 drivers
v0x55eb410fcac0_0 .var "rxd_count", 5 0;
v0x55eb410fcba0_0 .var "sfd_count", 2 0;
E_0x55eb410c95a0 .event posedge, v0x55eb410fc690_0;
    .scope S_0x55eb410fc210;
T_0 ;
    %wait E_0x55eb410c95a0;
    %load/vec4 v0x55eb410fc920_0;
    %flag_set/vec4 8;
    %jmp/0xz  T_0.0, 8;
    %pushi/vec4 0, 0, 6;
    %assign/vec4 v0x55eb410fcac0_0, 0;
    %pushi/vec4 0, 0, 3;
    %assign/vec4 v0x55eb410fcba0_0, 0;
    %pushi/vec4 0, 0, 1;
    %assign/vec4 v0x55eb410fc5d0_0, 0;
    %pushi/vec4 0, 0, 2;
    %assign/vec4 v0x55eb410fc4d0_0, 0;
    %pushi/vec4 0, 0, 4;
    %assign/vec4 v0x55eb410fc7f0_0, 0;
    %jmp T_0.1;
T_0.0 ;
    %load/vec4 v0x55eb410fc730_0;
    %flag_set/vec4 8;
    %jmp/0xz  T_0.2, 8;
    %load/vec4 v0x55eb410fc7f0_0;
    %dup/vec4;
    %pushi/vec4 0, 0, 4;
    %cmp/u;
    %jmp/1 T_0.4, 6;
    %dup/vec4;
    %pushi/vec4 1, 0, 4;
    %cmp/u;
    %jmp/1 T_0.5, 6;
    %dup/vec4;
    %pushi/vec4 2, 0, 4;
    %cmp/u;
    %jmp/1 T_0.6, 6;
    %dup/vec4;
    %pushi/vec4 4, 0, 4;
    %cmp/u;
    %jmp/1 T_0.7, 6;
    %jmp T_0.8;
T_0.4 ;
    %load/vec4 v0x55eb410fc9e0_0;
    %cmpi/e 1, 0, 2;
    %jmp/0xz  T_0.9, 4;
    %pushi/vec4 1, 0, 4;
    %assign/vec4 v0x55eb410fc7f0_0, 0;
    %pushi/vec4 1, 0, 6;
    %assign/vec4 v0x55eb410fcac0_0, 0;
T_0.9 ;
    %jmp T_0.8;
T_0.5 ;
    %load/vec4 v0x55eb410fc9e0_0;
    %cmpi/e 1, 0, 2;
    %jmp/0xz  T_0.11, 4;
    %load/vec4 v0x55eb410fcac0_0;
    %cmpi/e 55, 0, 6;
    %jmp/0xz  T_0.13, 4;
    %pushi/vec4 0, 0, 6;
    %assign/vec4 v0x55eb410fcac0_0, 0;
    %pushi/vec4 2, 0, 4;
    %assign/vec4 v0x55eb410fc7f0_0, 0;
    %jmp T_0.14;
T_0.13 ;
    %load/vec4 v0x55eb410fcac0_0;
    %addi 1, 0, 6;
    %assign/vec4 v0x55eb410fcac0_0, 0;
T_0.14 ;
    %jmp T_0.12;
T_0.11 ;
    %pushi/vec4 0, 0, 6;
    %assign/vec4 v0x55eb410fcac0_0, 0;
    %pushi/vec4 0, 0, 4;
    %assign/vec4 v0x55eb410fc7f0_0, 0;
T_0.12 ;
    %jmp T_0.8;
T_0.6 ;
    %load/vec4 v0x55eb410fcba0_0;
    %pad/u 32;
    %cmpi/u 3, 0, 32;
    %jmp/0xz  T_0.15, 5;
    %load/vec4 v0x55eb410fc9e0_0;
    %cmpi/e 1, 0, 2;
    %jmp/0xz  T_0.17, 4;
    %load/vec4 v0x55eb410fcba0_0;
    %addi 1, 0, 3;
    %assign/vec4 v0x55eb410fcba0_0, 0;
    %jmp T_0.18;
T_0.17 ;
    %pushi/vec4 0, 0, 3;
    %assign/vec4 v0x55eb410fcba0_0, 0;
    %pushi/vec4 0, 0, 4;
    %assign/vec4 v0x55eb410fc7f0_0, 0;
T_0.18 ;
    %jmp T_0.16;
T_0.15 ;
    %load/vec4 v0x55eb410fcba0_0;
    %pad/u 32;
    %cmpi/e 3, 0, 32;
    %jmp/0xz  T_0.19, 4;
    %load/vec4 v0x55eb410fc9e0_0;
    %cmpi/e 3, 0, 2;
    %jmp/0xz  T_0.21, 4;
    %pushi/vec4 0, 0, 3;
    %assign/vec4 v0x55eb410fcba0_0, 0;
    %pushi/vec4 4, 0, 4;
    %assign/vec4 v0x55eb410fc7f0_0, 0;
    %jmp T_0.22;
T_0.21 ;
    %pushi/vec4 0, 0, 3;
    %assign/vec4 v0x55eb410fcba0_0, 0;
    %pushi/vec4 0, 0, 4;
    %assign/vec4 v0x55eb410fc7f0_0, 0;
T_0.22 ;
T_0.19 ;
T_0.16 ;
    %jmp T_0.8;
T_0.7 ;
    %load/vec4 v0x55eb410fc730_0;
    %flag_set/vec4 8;
    %jmp/0xz  T_0.23, 8;
    %pushi/vec4 1, 0, 1;
    %assign/vec4 v0x55eb410fc5d0_0, 0;
    %load/vec4 v0x55eb410fc9e0_0;
    %assign/vec4 v0x55eb410fc4d0_0, 0;
    %jmp T_0.24;
T_0.23 ;
    %pushi/vec4 0, 0, 1;
    %assign/vec4 v0x55eb410fc5d0_0, 0;
    %pushi/vec4 0, 0, 2;
    %assign/vec4 v0x55eb410fc4d0_0, 0;
    %pushi/vec4 0, 0, 4;
    %assign/vec4 v0x55eb410fc7f0_0, 0;
T_0.24 ;
    %jmp T_0.8;
T_0.8 ;
    %pop/vec4 1;
    %jmp T_0.3;
T_0.2 ;
    %pushi/vec4 0, 0, 6;
    %assign/vec4 v0x55eb410fcac0_0, 0;
    %pushi/vec4 0, 0, 3;
    %assign/vec4 v0x55eb410fcba0_0, 0;
    %pushi/vec4 0, 0, 1;
    %assign/vec4 v0x55eb410fc5d0_0, 0;
    %pushi/vec4 0, 0, 2;
    %assign/vec4 v0x55eb410fc4d0_0, 0;
    %pushi/vec4 0, 0, 4;
    %assign/vec4 v0x55eb410fc7f0_0, 0;
T_0.3 ;
T_0.1 ;
    %jmp T_0;
    .thread T_0;
    .scope S_0x55eb4106fdb0;
T_1 ;
    %delay 10000, 0;
    %load/vec4 v0x55eb410fcef0_0;
    %nor/r;
    %store/vec4 v0x55eb410fcef0_0, 0, 1;
    %jmp T_1;
    .thread T_1;
    .scope S_0x55eb4106fdb0;
T_2 ;
    %vpi_call/w 3 33 "$dumpfile", "ether.vcd" {0 0 0};
    %vpi_call/w 3 34 "$dumpvars", 32'sb00000000000000000000000000000000, S_0x55eb4106fdb0 {0 0 0};
    %vpi_call/w 3 35 "$display", "Starting Sim" {0 0 0};
    %pushi/vec4 0, 0, 1;
    %store/vec4 v0x55eb410fcef0_0, 0, 1;
    %delay 20000, 0;
    %pushi/vec4 1, 0, 1;
    %store/vec4 v0x55eb410fd0c0_0, 0, 1;
    %delay 10000, 0;
    %pushi/vec4 0, 0, 1;
    %store/vec4 v0x55eb410fd0c0_0, 0, 1;
    %pushi/vec4 1, 0, 1;
    %store/vec4 v0x55eb410fcff0_0, 0, 1;
    %fork t_1, S_0x55eb4106ff40;
    %jmp t_0;
    .scope S_0x55eb4106ff40;
t_1 ;
    %pushi/vec4 0, 0, 32;
    %store/vec4 v0x55eb410c77d0_0, 0, 32;
T_2.0 ;
    %load/vec4 v0x55eb410c77d0_0;
    %cmpi/s 56, 0, 32;
    %jmp/0xz T_2.1, 5;
    %pushi/vec4 1, 0, 2;
    %store/vec4 v0x55eb410fd160_0, 0, 2;
    %delay 20000, 0;
    %load/vec4 v0x55eb410c77d0_0;
    %addi 1, 0, 32;
    %cast2;
    %store/vec4 v0x55eb410c77d0_0, 0, 32;
    %jmp T_2.0;
T_2.1 ;
    %end;
    .scope S_0x55eb4106fdb0;
t_0 %join;
    %fork t_3, S_0x55eb410f8b90;
    %jmp t_2;
    .scope S_0x55eb410f8b90;
t_3 ;
    %pushi/vec4 0, 0, 32;
    %store/vec4 v0x55eb410f8d90_0, 0, 32;
T_2.2 ;
    %load/vec4 v0x55eb410f8d90_0;
    %cmpi/s 4, 0, 32;
    %jmp/0xz T_2.3, 5;
    %load/vec4 v0x55eb410f8d90_0;
    %cmpi/s 3, 0, 32;
    %jmp/0xz  T_2.4, 5;
    %pushi/vec4 1, 0, 2;
    %store/vec4 v0x55eb410fd160_0, 0, 2;
    %jmp T_2.5;
T_2.4 ;
    %pushi/vec4 3, 0, 2;
    %store/vec4 v0x55eb410fd160_0, 0, 2;
T_2.5 ;
    %delay 20000, 0;
    %load/vec4 v0x55eb410f8d90_0;
    %addi 1, 0, 32;
    %cast2;
    %store/vec4 v0x55eb410f8d90_0, 0, 32;
    %jmp T_2.2;
T_2.3 ;
    %end;
    .scope S_0x55eb4106fdb0;
t_2 %join;
    %fork t_5, S_0x55eb410fab10;
    %jmp t_4;
    .scope S_0x55eb410fab10;
t_5 ;
    %pushi/vec4 0, 0, 32;
    %store/vec4 v0x55eb410facf0_0, 0, 32;
T_2.6 ;
    %load/vec4 v0x55eb410facf0_0;
    %cmpi/s 48, 0, 32;
    %jmp/0xz T_2.7, 5;
    %pushi/vec4 3, 0, 2;
    %store/vec4 v0x55eb410fd160_0, 0, 2;
    %delay 20000, 0;
    %load/vec4 v0x55eb410facf0_0;
    %addi 1, 0, 32;
    %cast2;
    %store/vec4 v0x55eb410facf0_0, 0, 32;
    %jmp T_2.6;
T_2.7 ;
    %end;
    .scope S_0x55eb4106fdb0;
t_4 %join;
    %fork t_7, S_0x55eb410fadf0;
    %jmp t_6;
    .scope S_0x55eb410fadf0;
t_7 ;
    %pushi/vec4 0, 0, 32;
    %store/vec4 v0x55eb410fafd0_0, 0, 32;
T_2.8 ;
    %load/vec4 v0x55eb410fafd0_0;
    %cmpi/s 48, 0, 32;
    %jmp/0xz T_2.9, 5;
    %pushi/vec4 3, 0, 2;
    %store/vec4 v0x55eb410fd160_0, 0, 2;
    %delay 20000, 0;
    %load/vec4 v0x55eb410fafd0_0;
    %addi 1, 0, 32;
    %cast2;
    %store/vec4 v0x55eb410fafd0_0, 0, 32;
    %jmp T_2.8;
T_2.9 ;
    %end;
    .scope S_0x55eb4106fdb0;
t_6 %join;
    %fork t_9, S_0x55eb410fb0d0;
    %jmp t_8;
    .scope S_0x55eb410fb0d0;
t_9 ;
    %pushi/vec4 0, 0, 32;
    %store/vec4 v0x55eb410fb2b0_0, 0, 32;
T_2.10 ;
    %load/vec4 v0x55eb410fb2b0_0;
    %cmpi/s 16, 0, 32;
    %jmp/0xz T_2.11, 5;
    %pushi/vec4 2, 0, 2;
    %store/vec4 v0x55eb410fd160_0, 0, 2;
    %delay 20000, 0;
    %load/vec4 v0x55eb410fb2b0_0;
    %addi 1, 0, 32;
    %cast2;
    %store/vec4 v0x55eb410fb2b0_0, 0, 32;
    %jmp T_2.10;
T_2.11 ;
    %end;
    .scope S_0x55eb4106fdb0;
t_8 %join;
    %fork t_11, S_0x55eb410fb3b0;
    %jmp t_10;
    .scope S_0x55eb410fb3b0;
t_11 ;
    %pushi/vec4 0, 0, 32;
    %store/vec4 v0x55eb410fb590_0, 0, 32;
T_2.12 ;
    %load/vec4 v0x55eb410fb590_0;
    %cmpi/s 16, 0, 32;
    %jmp/0xz T_2.13, 5;
    %pushi/vec4 3, 0, 2;
    %store/vec4 v0x55eb410fd160_0, 0, 2;
    %delay 20000, 0;
    %load/vec4 v0x55eb410fb590_0;
    %addi 1, 0, 32;
    %cast2;
    %store/vec4 v0x55eb410fb590_0, 0, 32;
    %jmp T_2.12;
T_2.13 ;
    %end;
    .scope S_0x55eb4106fdb0;
t_10 %join;
    %pushi/vec4 0, 0, 1;
    %store/vec4 v0x55eb410fcff0_0, 0, 1;
    %delay 20000, 0;
    %pushi/vec4 1, 0, 1;
    %store/vec4 v0x55eb410fcff0_0, 0, 1;
    %delay 20000, 0;
    %fork t_13, S_0x55eb410fb690;
    %jmp t_12;
    .scope S_0x55eb410fb690;
t_13 ;
    %pushi/vec4 0, 0, 32;
    %store/vec4 v0x55eb410fb870_0, 0, 32;
T_2.14 ;
    %load/vec4 v0x55eb410fb870_0;
    %cmpi/s 56, 0, 32;
    %jmp/0xz T_2.15, 5;
    %load/vec4 v0x55eb410fb870_0;
    %cmpi/e 20, 0, 32;
    %jmp/0xz  T_2.16, 4;
    %pushi/vec4 2, 0, 2;
    %store/vec4 v0x55eb410fd160_0, 0, 2;
    %jmp T_2.17;
T_2.16 ;
    %pushi/vec4 1, 0, 2;
    %store/vec4 v0x55eb410fd160_0, 0, 2;
T_2.17 ;
    %delay 20000, 0;
    %load/vec4 v0x55eb410fb870_0;
    %addi 1, 0, 32;
    %cast2;
    %store/vec4 v0x55eb410fb870_0, 0, 32;
    %jmp T_2.14;
T_2.15 ;
    %end;
    .scope S_0x55eb4106fdb0;
t_12 %join;
    %fork t_15, S_0x55eb410fb970;
    %jmp t_14;
    .scope S_0x55eb410fb970;
t_15 ;
    %pushi/vec4 0, 0, 32;
    %store/vec4 v0x55eb410fbb50_0, 0, 32;
T_2.18 ;
    %load/vec4 v0x55eb410fbb50_0;
    %cmpi/s 4, 0, 32;
    %jmp/0xz T_2.19, 5;
    %load/vec4 v0x55eb410fbb50_0;
    %cmpi/s 3, 0, 32;
    %jmp/0xz  T_2.20, 5;
    %pushi/vec4 1, 0, 2;
    %store/vec4 v0x55eb410fd160_0, 0, 2;
    %jmp T_2.21;
T_2.20 ;
    %pushi/vec4 3, 0, 2;
    %store/vec4 v0x55eb410fd160_0, 0, 2;
T_2.21 ;
    %delay 20000, 0;
    %load/vec4 v0x55eb410fbb50_0;
    %addi 1, 0, 32;
    %cast2;
    %store/vec4 v0x55eb410fbb50_0, 0, 32;
    %jmp T_2.18;
T_2.19 ;
    %end;
    .scope S_0x55eb4106fdb0;
t_14 %join;
    %fork t_17, S_0x55eb410fbc50;
    %jmp t_16;
    .scope S_0x55eb410fbc50;
t_17 ;
    %pushi/vec4 0, 0, 32;
    %store/vec4 v0x55eb410fbe30_0, 0, 32;
T_2.22 ;
    %load/vec4 v0x55eb410fbe30_0;
    %cmpi/s 48, 0, 32;
    %jmp/0xz T_2.23, 5;
    %pushi/vec4 3, 0, 2;
    %store/vec4 v0x55eb410fd160_0, 0, 2;
    %delay 20000, 0;
    %load/vec4 v0x55eb410fbe30_0;
    %addi 1, 0, 32;
    %cast2;
    %store/vec4 v0x55eb410fbe30_0, 0, 32;
    %jmp T_2.22;
T_2.23 ;
    %end;
    .scope S_0x55eb4106fdb0;
t_16 %join;
    %fork t_19, S_0x55eb410fbf30;
    %jmp t_18;
    .scope S_0x55eb410fbf30;
t_19 ;
    %pushi/vec4 0, 0, 32;
    %store/vec4 v0x55eb410fc110_0, 0, 32;
T_2.24 ;
    %load/vec4 v0x55eb410fc110_0;
    %cmpi/s 48, 0, 32;
    %jmp/0xz T_2.25, 5;
    %pushi/vec4 3, 0, 2;
    %store/vec4 v0x55eb410fd160_0, 0, 2;
    %delay 20000, 0;
    %load/vec4 v0x55eb410fc110_0;
    %addi 1, 0, 32;
    %cast2;
    %store/vec4 v0x55eb410fc110_0, 0, 32;
    %jmp T_2.24;
T_2.25 ;
    %end;
    .scope S_0x55eb4106fdb0;
t_18 %join;
    %fork t_21, S_0x55eb410f8e70;
    %jmp t_20;
    .scope S_0x55eb410f8e70;
t_21 ;
    %pushi/vec4 0, 0, 32;
    %store/vec4 v0x55eb410f9050_0, 0, 32;
T_2.26 ;
    %load/vec4 v0x55eb410f9050_0;
    %cmpi/s 16, 0, 32;
    %jmp/0xz T_2.27, 5;
    %pushi/vec4 2, 0, 2;
    %store/vec4 v0x55eb410fd160_0, 0, 2;
    %delay 20000, 0;
    %load/vec4 v0x55eb410f9050_0;
    %addi 1, 0, 32;
    %cast2;
    %store/vec4 v0x55eb410f9050_0, 0, 32;
    %jmp T_2.26;
T_2.27 ;
    %end;
    .scope S_0x55eb4106fdb0;
t_20 %join;
    %fork t_23, S_0x55eb410f9130;
    %jmp t_22;
    .scope S_0x55eb410f9130;
t_23 ;
    %pushi/vec4 0, 0, 32;
    %store/vec4 v0x55eb410f9310_0, 0, 32;
T_2.28 ;
    %load/vec4 v0x55eb410f9310_0;
    %cmpi/s 16, 0, 32;
    %jmp/0xz T_2.29, 5;
    %pushi/vec4 3, 0, 2;
    %store/vec4 v0x55eb410fd160_0, 0, 2;
    %delay 20000, 0;
    %load/vec4 v0x55eb410f9310_0;
    %addi 1, 0, 32;
    %cast2;
    %store/vec4 v0x55eb410f9310_0, 0, 32;
    %jmp T_2.28;
T_2.29 ;
    %end;
    .scope S_0x55eb4106fdb0;
t_22 %join;
    %pushi/vec4 0, 0, 1;
    %store/vec4 v0x55eb410fcff0_0, 0, 1;
    %delay 20000, 0;
    %pushi/vec4 1, 0, 1;
    %store/vec4 v0x55eb410fcff0_0, 0, 1;
    %delay 20000, 0;
    %fork t_25, S_0x55eb410f9410;
    %jmp t_24;
    .scope S_0x55eb410f9410;
t_25 ;
    %pushi/vec4 0, 0, 32;
    %store/vec4 v0x55eb410f9640_0, 0, 32;
T_2.30 ;
    %load/vec4 v0x55eb410f9640_0;
    %cmpi/s 56, 0, 32;
    %jmp/0xz T_2.31, 5;
    %pushi/vec4 1, 0, 2;
    %store/vec4 v0x55eb410fd160_0, 0, 2;
    %delay 20000, 0;
    %load/vec4 v0x55eb410f9640_0;
    %addi 1, 0, 32;
    %cast2;
    %store/vec4 v0x55eb410f9640_0, 0, 32;
    %jmp T_2.30;
T_2.31 ;
    %end;
    .scope S_0x55eb4106fdb0;
t_24 %join;
    %fork t_27, S_0x55eb410f9740;
    %jmp t_26;
    .scope S_0x55eb410f9740;
t_27 ;
    %pushi/vec4 0, 0, 32;
    %store/vec4 v0x55eb410f9920_0, 0, 32;
T_2.32 ;
    %load/vec4 v0x55eb410f9920_0;
    %cmpi/s 4, 0, 32;
    %jmp/0xz T_2.33, 5;
    %load/vec4 v0x55eb410f9920_0;
    %cmpi/s 3, 0, 32;
    %jmp/0xz  T_2.34, 5;
    %pushi/vec4 1, 0, 2;
    %store/vec4 v0x55eb410fd160_0, 0, 2;
    %jmp T_2.35;
T_2.34 ;
    %pushi/vec4 3, 0, 2;
    %store/vec4 v0x55eb410fd160_0, 0, 2;
T_2.35 ;
    %delay 20000, 0;
    %load/vec4 v0x55eb410f9920_0;
    %addi 1, 0, 32;
    %cast2;
    %store/vec4 v0x55eb410f9920_0, 0, 32;
    %jmp T_2.32;
T_2.33 ;
    %end;
    .scope S_0x55eb4106fdb0;
t_26 %join;
    %pushi/vec4 1, 0, 2;
    %store/vec4 v0x55eb410fd160_0, 0, 2;
    %delay 20000, 0;
    %pushi/vec4 1, 0, 2;
    %store/vec4 v0x55eb410fd160_0, 0, 2;
    %delay 20000, 0;
    %pushi/vec4 0, 0, 1;
    %store/vec4 v0x55eb410fcff0_0, 0, 1;
    %delay 100000, 0;
    %pushi/vec4 1, 0, 1;
    %store/vec4 v0x55eb410fcff0_0, 0, 1;
    %delay 20000, 0;
    %fork t_29, S_0x55eb410f9a20;
    %jmp t_28;
    .scope S_0x55eb410f9a20;
t_29 ;
    %pushi/vec4 0, 0, 32;
    %store/vec4 v0x55eb410f9c00_0, 0, 32;
T_2.36 ;
    %load/vec4 v0x55eb410f9c00_0;
    %cmpi/s 56, 0, 32;
    %jmp/0xz T_2.37, 5;
    %pushi/vec4 1, 0, 2;
    %store/vec4 v0x55eb410fd160_0, 0, 2;
    %delay 20000, 0;
    %load/vec4 v0x55eb410f9c00_0;
    %addi 1, 0, 32;
    %cast2;
    %store/vec4 v0x55eb410f9c00_0, 0, 32;
    %jmp T_2.36;
T_2.37 ;
    %end;
    .scope S_0x55eb4106fdb0;
t_28 %join;
    %fork t_31, S_0x55eb410f9d00;
    %jmp t_30;
    .scope S_0x55eb410f9d00;
t_31 ;
    %pushi/vec4 0, 0, 32;
    %store/vec4 v0x55eb410f9ee0_0, 0, 32;
T_2.38 ;
    %load/vec4 v0x55eb410f9ee0_0;
    %cmpi/s 4, 0, 32;
    %jmp/0xz T_2.39, 5;
    %load/vec4 v0x55eb410f9ee0_0;
    %cmpi/s 3, 0, 32;
    %jmp/0xz  T_2.40, 5;
    %pushi/vec4 1, 0, 2;
    %store/vec4 v0x55eb410fd160_0, 0, 2;
    %jmp T_2.41;
T_2.40 ;
    %pushi/vec4 3, 0, 2;
    %store/vec4 v0x55eb410fd160_0, 0, 2;
T_2.41 ;
    %delay 20000, 0;
    %load/vec4 v0x55eb410f9ee0_0;
    %addi 1, 0, 32;
    %cast2;
    %store/vec4 v0x55eb410f9ee0_0, 0, 32;
    %jmp T_2.38;
T_2.39 ;
    %end;
    .scope S_0x55eb4106fdb0;
t_30 %join;
    %fork t_33, S_0x55eb410f9fe0;
    %jmp t_32;
    .scope S_0x55eb410f9fe0;
t_33 ;
    %pushi/vec4 0, 0, 32;
    %store/vec4 v0x55eb410fa1c0_0, 0, 32;
T_2.42 ;
    %load/vec4 v0x55eb410fa1c0_0;
    %cmpi/s 48, 0, 32;
    %jmp/0xz T_2.43, 5;
    %pushi/vec4 3, 0, 2;
    %store/vec4 v0x55eb410fd160_0, 0, 2;
    %delay 20000, 0;
    %load/vec4 v0x55eb410fa1c0_0;
    %addi 1, 0, 32;
    %cast2;
    %store/vec4 v0x55eb410fa1c0_0, 0, 32;
    %jmp T_2.42;
T_2.43 ;
    %end;
    .scope S_0x55eb4106fdb0;
t_32 %join;
    %fork t_35, S_0x55eb410fa2c0;
    %jmp t_34;
    .scope S_0x55eb410fa2c0;
t_35 ;
    %pushi/vec4 0, 0, 32;
    %store/vec4 v0x55eb410fa450_0, 0, 32;
T_2.44 ;
    %load/vec4 v0x55eb410fa450_0;
    %cmpi/s 48, 0, 32;
    %jmp/0xz T_2.45, 5;
    %pushi/vec4 3, 0, 2;
    %store/vec4 v0x55eb410fd160_0, 0, 2;
    %delay 20000, 0;
    %load/vec4 v0x55eb410fa450_0;
    %addi 1, 0, 32;
    %cast2;
    %store/vec4 v0x55eb410fa450_0, 0, 32;
    %jmp T_2.44;
T_2.45 ;
    %end;
    .scope S_0x55eb4106fdb0;
t_34 %join;
    %fork t_37, S_0x55eb410fa550;
    %jmp t_36;
    .scope S_0x55eb410fa550;
t_37 ;
    %pushi/vec4 0, 0, 32;
    %store/vec4 v0x55eb410fa730_0, 0, 32;
T_2.46 ;
    %load/vec4 v0x55eb410fa730_0;
    %cmpi/s 16, 0, 32;
    %jmp/0xz T_2.47, 5;
    %pushi/vec4 2, 0, 2;
    %store/vec4 v0x55eb410fd160_0, 0, 2;
    %delay 20000, 0;
    %load/vec4 v0x55eb410fa730_0;
    %addi 1, 0, 32;
    %cast2;
    %store/vec4 v0x55eb410fa730_0, 0, 32;
    %jmp T_2.46;
T_2.47 ;
    %end;
    .scope S_0x55eb4106fdb0;
t_36 %join;
    %fork t_39, S_0x55eb410fa830;
    %jmp t_38;
    .scope S_0x55eb410fa830;
t_39 ;
    %pushi/vec4 0, 0, 32;
    %store/vec4 v0x55eb410faa10_0, 0, 32;
T_2.48 ;
    %load/vec4 v0x55eb410faa10_0;
    %cmpi/s 16, 0, 32;
    %jmp/0xz T_2.49, 5;
    %pushi/vec4 3, 0, 2;
    %store/vec4 v0x55eb410fd160_0, 0, 2;
    %delay 20000, 0;
    %load/vec4 v0x55eb410faa10_0;
    %addi 1, 0, 32;
    %cast2;
    %store/vec4 v0x55eb410faa10_0, 0, 32;
    %jmp T_2.48;
T_2.49 ;
    %end;
    .scope S_0x55eb4106fdb0;
t_38 %join;
    %pushi/vec4 0, 0, 1;
    %store/vec4 v0x55eb410fcff0_0, 0, 1;
    %delay 100000, 0;
    %vpi_call/w 3 187 "$display", "Finishing Sim" {0 0 0};
    %vpi_call/w 3 188 "$finish" {0 0 0};
    %end;
    .thread T_2;
# The file index is used to find the file name in the following table.
:file_names 5;
    "N/A";
    "<interactive>";
    "-";
    "sim/ether_tb.sv";
    "src/ether.sv";
