#! /usr/local/bin/vvp
:ivl_version "11.0 (stable)" "(v11_0-132-gb2f2414f4)";
:ivl_delay_selection "TYPICAL";
:vpi_time_precision - 12;
:vpi_module "/usr/local/lib/ivl/system.vpi";
:vpi_module "/usr/local/lib/ivl/vhdl_sys.vpi";
:vpi_module "/usr/local/lib/ivl/vhdl_textio.vpi";
:vpi_module "/usr/local/lib/ivl/v2005_math.vpi";
:vpi_module "/usr/local/lib/ivl/va_math.vpi";
:vpi_module "/usr/local/lib/ivl/v2009.vpi";
S_0x559d6c74dd80 .scope package, "$unit" "$unit" 2 1;
 .timescale 0 0;
S_0x559d6c74df10 .scope module, "firewall_tb" "firewall_tb" 3 3;
 .timescale -9 -12;
P_0x559d6c74e8c0 .param/l "mac_addr" 1 3 22, C4<011010010110100101011010000001100101010010010001>;
v0x559d6c7d12a0_0 .var "axiid", 1 0;
v0x559d6c7d1380_0 .var "axiiv", 0 0;
v0x559d6c7d1420_0 .net "axiod", 1 0, L_0x559d6c7e17d0;  1 drivers
v0x559d6c7d14c0_0 .net "axiov", 0 0, L_0x559d6c7e1710;  1 drivers
v0x559d6c7d1560_0 .var "clk", 0 0;
v0x559d6c7d1600_0 .var "rst", 0 0;
S_0x559d6c798c60 .scope begin, "$ivl_for_loop0" "$ivl_for_loop0" 3 40, 3 40 0, S_0x559d6c74df10;
 .timescale -9 -12;
v0x559d6c74e0f0_0 .var/2s "i", 31 0;
S_0x559d6c7ce9f0 .scope begin, "$ivl_for_loop1" "$ivl_for_loop1" 3 70, 3 70 0, S_0x559d6c74df10;
 .timescale -9 -12;
v0x559d6c7cebf0_0 .var/2s "i", 31 0;
S_0x559d6c7cecd0 .scope begin, "$ivl_for_loop2" "$ivl_for_loop2" 3 74, 3 74 0, S_0x559d6c74df10;
 .timescale -9 -12;
v0x559d6c7ceeb0_0 .var/2s "i", 31 0;
S_0x559d6c7cef90 .scope begin, "$ivl_for_loop3" "$ivl_for_loop3" 3 78, 3 78 0, S_0x559d6c74df10;
 .timescale -9 -12;
v0x559d6c7cf170_0 .var/2s "i", 31 0;
S_0x559d6c7cf270 .scope begin, "$ivl_for_loop4" "$ivl_for_loop4" 3 85, 3 85 0, S_0x559d6c74df10;
 .timescale -9 -12;
v0x559d6c7cf4a0_0 .var/2s "i", 31 0;
S_0x559d6c7cf5a0 .scope begin, "$ivl_for_loop5" "$ivl_for_loop5" 3 89, 3 89 0, S_0x559d6c74df10;
 .timescale -9 -12;
v0x559d6c7cf780_0 .var/2s "i", 31 0;
S_0x559d6c7cf880 .scope begin, "$ivl_for_loop6" "$ivl_for_loop6" 3 93, 3 93 0, S_0x559d6c74df10;
 .timescale -9 -12;
v0x559d6c7cfa60_0 .var/2s "i", 31 0;
S_0x559d6c7cfb60 .scope begin, "$ivl_for_loop7" "$ivl_for_loop7" 3 97, 3 97 0, S_0x559d6c74df10;
 .timescale -9 -12;
v0x559d6c7cfd40_0 .var/2s "i", 31 0;
S_0x559d6c7cfe40 .scope module, "uut" "firewall" 3 13, 4 3 0, S_0x559d6c74df10;
 .timescale -9 -12;
    .port_info 0 /INPUT 1 "clk";
    .port_info 1 /INPUT 1 "rst";
    .port_info 2 /INPUT 1 "axiiv";
    .port_info 3 /INPUT 2 "axiid";
    .port_info 4 /OUTPUT 1 "axiov";
    .port_info 5 /OUTPUT 2 "axiod";
P_0x559d6c7cf450 .param/l "mac_addr" 1 4 16, C4<011010010110100101011010000001100101010010010001>;
L_0x559d6c7e1710 .functor BUFZ 1, L_0x559d6c7e1e70, C4<0>, C4<0>, C4<0>;
L_0x559d6c7e17d0 .functor BUFZ 2, v0x559d6c7d12a0_0, C4<00>, C4<00>, C4<00>;
L_0x559d6c7e1ba0 .functor AND 1, v0x559d6c7d0c80_0, L_0x559d6c7e1a30, C4<1>, C4<1>;
L_0x7fae5f9a80a8 .functor BUFT 1, C4<00000000000000000000000000111000>, C4<0>, C4<0>, C4<0>;
v0x559d6c7d0150_0 .net/2u *"_ivl_10", 31 0, L_0x7fae5f9a80a8;  1 drivers
v0x559d6c7d0250_0 .net *"_ivl_12", 0 0, L_0x559d6c7e1a30;  1 drivers
v0x559d6c7d0310_0 .net *"_ivl_15", 0 0, L_0x559d6c7e1ba0;  1 drivers
L_0x7fae5f9a80f0 .functor BUFT 1, C4<01>, C4<0>, C4<0>, C4<0>;
v0x559d6c7d03b0_0 .net/2s *"_ivl_16", 1 0, L_0x7fae5f9a80f0;  1 drivers
L_0x7fae5f9a8138 .functor BUFT 1, C4<00>, C4<0>, C4<0>, C4<0>;
v0x559d6c7d0490_0 .net/2s *"_ivl_18", 1 0, L_0x7fae5f9a8138;  1 drivers
v0x559d6c7d05c0_0 .net *"_ivl_20", 1 0, L_0x559d6c7e1ce0;  1 drivers
v0x559d6c7d06a0_0 .net *"_ivl_6", 31 0, L_0x559d6c7e18e0;  1 drivers
L_0x7fae5f9a8060 .functor BUFT 1, C4<00000000000000000000000000>, C4<0>, C4<0>, C4<0>;
v0x559d6c7d0780_0 .net *"_ivl_9", 25 0, L_0x7fae5f9a8060;  1 drivers
v0x559d6c7d0860_0 .net "axiid", 1 0, v0x559d6c7d12a0_0;  1 drivers
v0x559d6c7d0940_0 .net "axiiv", 0 0, v0x559d6c7d1380_0;  1 drivers
v0x559d6c7d0a00_0 .net "axiod", 1 0, L_0x559d6c7e17d0;  alias, 1 drivers
v0x559d6c7d0ae0_0 .net "axiov", 0 0, L_0x559d6c7e1710;  alias, 1 drivers
v0x559d6c7d0ba0_0 .var "bit_count", 5 0;
v0x559d6c7d0c80_0 .var "can_recieve_data", 0 0;
v0x559d6c7d0d40_0 .net "clk", 0 0, v0x559d6c7d1560_0;  1 drivers
v0x559d6c7d0e00_0 .var "is_broadcast", 0 0;
v0x559d6c7d0ec0_0 .net "is_data_valid", 0 0, L_0x559d6c7e1e70;  1 drivers
v0x559d6c7d0f80_0 .var "is_my_addr", 0 0;
L_0x7fae5f9a8018 .functor BUFT 1, C4<011010010110100101011010000001100101010010010001>, C4<0>, C4<0>, C4<0>;
v0x559d6c7d1040_0 .net "mac", 47 0, L_0x7fae5f9a8018;  1 drivers
v0x559d6c7d1120_0 .net "rst", 0 0, v0x559d6c7d1600_0;  1 drivers
E_0x559d6c79a250 .event posedge, v0x559d6c7d0d40_0;
L_0x559d6c7e18e0 .concat [ 6 26 0 0], v0x559d6c7d0ba0_0, L_0x7fae5f9a8060;
L_0x559d6c7e1a30 .cmp/eq 32, L_0x559d6c7e18e0, L_0x7fae5f9a80a8;
L_0x559d6c7e1ce0 .functor MUXZ 2, L_0x7fae5f9a8138, L_0x7fae5f9a80f0, L_0x559d6c7e1ba0, C4<>;
L_0x559d6c7e1e70 .part L_0x559d6c7e1ce0, 0, 1;
    .scope S_0x559d6c7cfe40;
T_0 ;
    %wait E_0x559d6c79a250;
    %load/vec4 v0x559d6c7d1120_0;
    %flag_set/vec4 8;
    %jmp/0xz  T_0.0, 8;
    %pushi/vec4 0, 0, 6;
    %assign/vec4 v0x559d6c7d0ba0_0, 0;
    %pushi/vec4 0, 0, 1;
    %assign/vec4 v0x559d6c7d0c80_0, 0;
    %pushi/vec4 1, 0, 1;
    %assign/vec4 v0x559d6c7d0f80_0, 0;
    %pushi/vec4 1, 0, 1;
    %assign/vec4 v0x559d6c7d0e00_0, 0;
T_0.0 ;
    %load/vec4 v0x559d6c7d0940_0;
    %flag_set/vec4 8;
    %jmp/0xz  T_0.2, 8;
    %load/vec4 v0x559d6c7d0f80_0;
    %flag_set/vec4 8;
    %jmp/0xz  T_0.4, 8;
    %load/vec4 v0x559d6c7d0ba0_0;
    %pad/u 32;
    %cmpi/e 0, 0, 32;
    %flag_get/vec4 4;
    %jmp/0 T_0.8, 4;
    %pushi/vec4 1, 0, 2;
    %load/vec4 v0x559d6c7d0860_0;
    %cmp/ne;
    %flag_get/vec4 4;
    %and;
T_0.8;
    %flag_set/vec4 8;
    %jmp/0xz  T_0.6, 8;
    %pushi/vec4 0, 0, 1;
    %assign/vec4 v0x559d6c7d0f80_0, 0;
    %jmp T_0.7;
T_0.6 ;
    %load/vec4 v0x559d6c7d0ba0_0;
    %pad/u 32;
    %cmpi/e 1, 0, 32;
    %flag_get/vec4 4;
    %jmp/0 T_0.11, 4;
    %pushi/vec4 2, 0, 2;
    %load/vec4 v0x559d6c7d0860_0;
    %cmp/ne;
    %flag_get/vec4 4;
    %and;
T_0.11;
    %flag_set/vec4 8;
    %jmp/0xz  T_0.9, 8;
    %pushi/vec4 0, 0, 1;
    %assign/vec4 v0x559d6c7d0f80_0, 0;
    %jmp T_0.10;
T_0.9 ;
    %load/vec4 v0x559d6c7d0ba0_0;
    %pad/u 32;
    %cmpi/e 2, 0, 32;
    %flag_get/vec4 4;
    %jmp/0 T_0.14, 4;
    %pushi/vec4 2, 0, 2;
    %load/vec4 v0x559d6c7d0860_0;
    %cmp/ne;
    %flag_get/vec4 4;
    %and;
T_0.14;
    %flag_set/vec4 8;
    %jmp/0xz  T_0.12, 8;
    %pushi/vec4 0, 0, 1;
    %assign/vec4 v0x559d6c7d0f80_0, 0;
    %jmp T_0.13;
T_0.12 ;
    %load/vec4 v0x559d6c7d0ba0_0;
    %pad/u 32;
    %cmpi/e 3, 0, 32;
    %flag_get/vec4 4;
    %jmp/0 T_0.17, 4;
    %pushi/vec4 1, 0, 2;
    %load/vec4 v0x559d6c7d0860_0;
    %cmp/ne;
    %flag_get/vec4 4;
    %and;
T_0.17;
    %flag_set/vec4 8;
    %jmp/0xz  T_0.15, 8;
    %pushi/vec4 0, 0, 1;
    %assign/vec4 v0x559d6c7d0f80_0, 0;
    %jmp T_0.16;
T_0.15 ;
    %load/vec4 v0x559d6c7d0ba0_0;
    %pad/u 32;
    %cmpi/e 4, 0, 32;
    %flag_get/vec4 4;
    %jmp/0 T_0.20, 4;
    %pushi/vec4 1, 0, 2;
    %load/vec4 v0x559d6c7d0860_0;
    %cmp/ne;
    %flag_get/vec4 4;
    %and;
T_0.20;
    %flag_set/vec4 8;
    %jmp/0xz  T_0.18, 8;
    %pushi/vec4 0, 0, 1;
    %assign/vec4 v0x559d6c7d0f80_0, 0;
    %jmp T_0.19;
T_0.18 ;
    %load/vec4 v0x559d6c7d0ba0_0;
    %pad/u 32;
    %cmpi/e 5, 0, 32;
    %flag_get/vec4 4;
    %jmp/0 T_0.23, 4;
    %pushi/vec4 2, 0, 2;
    %load/vec4 v0x559d6c7d0860_0;
    %cmp/ne;
    %flag_get/vec4 4;
    %and;
T_0.23;
    %flag_set/vec4 8;
    %jmp/0xz  T_0.21, 8;
    %pushi/vec4 0, 0, 1;
    %assign/vec4 v0x559d6c7d0f80_0, 0;
    %jmp T_0.22;
T_0.21 ;
    %load/vec4 v0x559d6c7d0ba0_0;
    %pad/u 32;
    %cmpi/e 6, 0, 32;
    %flag_get/vec4 4;
    %jmp/0 T_0.26, 4;
    %pushi/vec4 2, 0, 2;
    %load/vec4 v0x559d6c7d0860_0;
    %cmp/ne;
    %flag_get/vec4 4;
    %and;
T_0.26;
    %flag_set/vec4 8;
    %jmp/0xz  T_0.24, 8;
    %pushi/vec4 0, 0, 1;
    %assign/vec4 v0x559d6c7d0f80_0, 0;
    %jmp T_0.25;
T_0.24 ;
    %load/vec4 v0x559d6c7d0ba0_0;
    %pad/u 32;
    %cmpi/e 7, 0, 32;
    %flag_get/vec4 4;
    %jmp/0 T_0.29, 4;
    %pushi/vec4 1, 0, 2;
    %load/vec4 v0x559d6c7d0860_0;
    %cmp/ne;
    %flag_get/vec4 4;
    %and;
T_0.29;
    %flag_set/vec4 8;
    %jmp/0xz  T_0.27, 8;
    %pushi/vec4 0, 0, 1;
    %assign/vec4 v0x559d6c7d0f80_0, 0;
    %jmp T_0.28;
T_0.27 ;
    %load/vec4 v0x559d6c7d0ba0_0;
    %pad/u 32;
    %cmpi/e 8, 0, 32;
    %flag_get/vec4 4;
    %jmp/0 T_0.32, 4;
    %pushi/vec4 1, 0, 2;
    %load/vec4 v0x559d6c7d0860_0;
    %cmp/ne;
    %flag_get/vec4 4;
    %and;
T_0.32;
    %flag_set/vec4 8;
    %jmp/0xz  T_0.30, 8;
    %pushi/vec4 0, 0, 1;
    %assign/vec4 v0x559d6c7d0f80_0, 0;
    %jmp T_0.31;
T_0.30 ;
    %load/vec4 v0x559d6c7d0ba0_0;
    %pad/u 32;
    %cmpi/e 9, 0, 32;
    %flag_get/vec4 4;
    %jmp/0 T_0.35, 4;
    %pushi/vec4 1, 0, 2;
    %load/vec4 v0x559d6c7d0860_0;
    %cmp/ne;
    %flag_get/vec4 4;
    %and;
T_0.35;
    %flag_set/vec4 8;
    %jmp/0xz  T_0.33, 8;
    %pushi/vec4 0, 0, 1;
    %assign/vec4 v0x559d6c7d0f80_0, 0;
    %jmp T_0.34;
T_0.33 ;
    %load/vec4 v0x559d6c7d0ba0_0;
    %pad/u 32;
    %cmpi/e 10, 0, 32;
    %flag_get/vec4 4;
    %jmp/0 T_0.38, 4;
    %pushi/vec4 2, 0, 2;
    %load/vec4 v0x559d6c7d0860_0;
    %cmp/ne;
    %flag_get/vec4 4;
    %and;
T_0.38;
    %flag_set/vec4 8;
    %jmp/0xz  T_0.36, 8;
    %pushi/vec4 0, 0, 1;
    %assign/vec4 v0x559d6c7d0f80_0, 0;
    %jmp T_0.37;
T_0.36 ;
    %load/vec4 v0x559d6c7d0ba0_0;
    %pad/u 32;
    %cmpi/e 11, 0, 32;
    %flag_get/vec4 4;
    %jmp/0 T_0.41, 4;
    %pushi/vec4 2, 0, 2;
    %load/vec4 v0x559d6c7d0860_0;
    %cmp/ne;
    %flag_get/vec4 4;
    %and;
T_0.41;
    %flag_set/vec4 8;
    %jmp/0xz  T_0.39, 8;
    %pushi/vec4 0, 0, 1;
    %assign/vec4 v0x559d6c7d0f80_0, 0;
    %jmp T_0.40;
T_0.39 ;
    %load/vec4 v0x559d6c7d0ba0_0;
    %pad/u 32;
    %cmpi/e 12, 0, 32;
    %flag_get/vec4 4;
    %jmp/0 T_0.44, 4;
    %pushi/vec4 0, 0, 2;
    %load/vec4 v0x559d6c7d0860_0;
    %cmp/ne;
    %flag_get/vec4 4;
    %and;
T_0.44;
    %flag_set/vec4 8;
    %jmp/0xz  T_0.42, 8;
    %pushi/vec4 0, 0, 1;
    %assign/vec4 v0x559d6c7d0f80_0, 0;
    %jmp T_0.43;
T_0.42 ;
    %load/vec4 v0x559d6c7d0ba0_0;
    %pad/u 32;
    %cmpi/e 13, 0, 32;
    %flag_get/vec4 4;
    %jmp/0 T_0.47, 4;
    %pushi/vec4 0, 0, 2;
    %load/vec4 v0x559d6c7d0860_0;
    %cmp/ne;
    %flag_get/vec4 4;
    %and;
T_0.47;
    %flag_set/vec4 8;
    %jmp/0xz  T_0.45, 8;
    %pushi/vec4 0, 0, 1;
    %assign/vec4 v0x559d6c7d0f80_0, 0;
    %jmp T_0.46;
T_0.45 ;
    %load/vec4 v0x559d6c7d0ba0_0;
    %pad/u 32;
    %cmpi/e 14, 0, 32;
    %flag_get/vec4 4;
    %jmp/0 T_0.50, 4;
    %pushi/vec4 1, 0, 2;
    %load/vec4 v0x559d6c7d0860_0;
    %cmp/ne;
    %flag_get/vec4 4;
    %and;
T_0.50;
    %flag_set/vec4 8;
    %jmp/0xz  T_0.48, 8;
    %pushi/vec4 0, 0, 1;
    %assign/vec4 v0x559d6c7d0f80_0, 0;
    %jmp T_0.49;
T_0.48 ;
    %load/vec4 v0x559d6c7d0ba0_0;
    %pad/u 32;
    %cmpi/e 15, 0, 32;
    %flag_get/vec4 4;
    %jmp/0 T_0.53, 4;
    %pushi/vec4 2, 0, 2;
    %load/vec4 v0x559d6c7d0860_0;
    %cmp/ne;
    %flag_get/vec4 4;
    %and;
T_0.53;
    %flag_set/vec4 8;
    %jmp/0xz  T_0.51, 8;
    %pushi/vec4 0, 0, 1;
    %assign/vec4 v0x559d6c7d0f80_0, 0;
    %jmp T_0.52;
T_0.51 ;
    %load/vec4 v0x559d6c7d0ba0_0;
    %pad/u 32;
    %cmpi/e 16, 0, 32;
    %flag_get/vec4 4;
    %jmp/0 T_0.56, 4;
    %pushi/vec4 1, 0, 2;
    %load/vec4 v0x559d6c7d0860_0;
    %cmp/ne;
    %flag_get/vec4 4;
    %and;
T_0.56;
    %flag_set/vec4 8;
    %jmp/0xz  T_0.54, 8;
    %pushi/vec4 0, 0, 1;
    %assign/vec4 v0x559d6c7d0f80_0, 0;
    %jmp T_0.55;
T_0.54 ;
    %load/vec4 v0x559d6c7d0ba0_0;
    %pad/u 32;
    %cmpi/e 17, 0, 32;
    %flag_get/vec4 4;
    %jmp/0 T_0.59, 4;
    %pushi/vec4 1, 0, 2;
    %load/vec4 v0x559d6c7d0860_0;
    %cmp/ne;
    %flag_get/vec4 4;
    %and;
T_0.59;
    %flag_set/vec4 8;
    %jmp/0xz  T_0.57, 8;
    %pushi/vec4 0, 0, 1;
    %assign/vec4 v0x559d6c7d0f80_0, 0;
    %jmp T_0.58;
T_0.57 ;
    %load/vec4 v0x559d6c7d0ba0_0;
    %pad/u 32;
    %cmpi/e 18, 0, 32;
    %flag_get/vec4 4;
    %jmp/0 T_0.62, 4;
    %pushi/vec4 1, 0, 2;
    %load/vec4 v0x559d6c7d0860_0;
    %cmp/ne;
    %flag_get/vec4 4;
    %and;
T_0.62;
    %flag_set/vec4 8;
    %jmp/0xz  T_0.60, 8;
    %pushi/vec4 0, 0, 1;
    %assign/vec4 v0x559d6c7d0f80_0, 0;
    %jmp T_0.61;
T_0.60 ;
    %load/vec4 v0x559d6c7d0ba0_0;
    %pad/u 32;
    %cmpi/e 19, 0, 32;
    %flag_get/vec4 4;
    %jmp/0 T_0.65, 4;
    %pushi/vec4 0, 0, 2;
    %load/vec4 v0x559d6c7d0860_0;
    %cmp/ne;
    %flag_get/vec4 4;
    %and;
T_0.65;
    %flag_set/vec4 8;
    %jmp/0xz  T_0.63, 8;
    %pushi/vec4 0, 0, 1;
    %assign/vec4 v0x559d6c7d0f80_0, 0;
    %jmp T_0.64;
T_0.63 ;
    %load/vec4 v0x559d6c7d0ba0_0;
    %pad/u 32;
    %cmpi/e 20, 0, 32;
    %flag_get/vec4 4;
    %jmp/0 T_0.68, 4;
    %pushi/vec4 2, 0, 2;
    %load/vec4 v0x559d6c7d0860_0;
    %cmp/ne;
    %flag_get/vec4 4;
    %and;
T_0.68;
    %flag_set/vec4 8;
    %jmp/0xz  T_0.66, 8;
    %pushi/vec4 0, 0, 1;
    %assign/vec4 v0x559d6c7d0f80_0, 0;
    %jmp T_0.67;
T_0.66 ;
    %load/vec4 v0x559d6c7d0ba0_0;
    %pad/u 32;
    %cmpi/e 21, 0, 32;
    %flag_get/vec4 4;
    %jmp/0 T_0.71, 4;
    %pushi/vec4 1, 0, 2;
    %load/vec4 v0x559d6c7d0860_0;
    %cmp/ne;
    %flag_get/vec4 4;
    %and;
T_0.71;
    %flag_set/vec4 8;
    %jmp/0xz  T_0.69, 8;
    %pushi/vec4 0, 0, 1;
    %assign/vec4 v0x559d6c7d0f80_0, 0;
    %jmp T_0.70;
T_0.69 ;
    %load/vec4 v0x559d6c7d0ba0_0;
    %pad/u 32;
    %cmpi/e 22, 0, 32;
    %flag_get/vec4 4;
    %jmp/0 T_0.74, 4;
    %pushi/vec4 0, 0, 2;
    %load/vec4 v0x559d6c7d0860_0;
    %cmp/ne;
    %flag_get/vec4 4;
    %and;
T_0.74;
    %flag_set/vec4 8;
    %jmp/0xz  T_0.72, 8;
    %pushi/vec4 0, 0, 1;
    %assign/vec4 v0x559d6c7d0f80_0, 0;
    %jmp T_0.73;
T_0.72 ;
    %load/vec4 v0x559d6c7d0ba0_0;
    %pad/u 32;
    %cmpi/e 23, 0, 32;
    %flag_get/vec4 4;
    %jmp/0 T_0.77, 4;
    %pushi/vec4 1, 0, 2;
    %load/vec4 v0x559d6c7d0860_0;
    %cmp/ne;
    %flag_get/vec4 4;
    %and;
T_0.77;
    %flag_set/vec4 8;
    %jmp/0xz  T_0.75, 8;
    %pushi/vec4 0, 0, 1;
    %assign/vec4 v0x559d6c7d0f80_0, 0;
T_0.75 ;
T_0.73 ;
T_0.70 ;
T_0.67 ;
T_0.64 ;
T_0.61 ;
T_0.58 ;
T_0.55 ;
T_0.52 ;
T_0.49 ;
T_0.46 ;
T_0.43 ;
T_0.40 ;
T_0.37 ;
T_0.34 ;
T_0.31 ;
T_0.28 ;
T_0.25 ;
T_0.22 ;
T_0.19 ;
T_0.16 ;
T_0.13 ;
T_0.10 ;
T_0.7 ;
T_0.4 ;
    %load/vec4 v0x559d6c7d0e00_0;
    %flag_set/vec4 8;
    %jmp/0xz  T_0.78, 8;
    %load/vec4 v0x559d6c7d0ba0_0;
    %pad/u 32;
    %cmpi/u 24, 0, 32;
    %flag_get/vec4 5;
    %jmp/0 T_0.82, 5;
    %pushi/vec4 3, 0, 2;
    %load/vec4 v0x559d6c7d0860_0;
    %cmp/ne;
    %flag_get/vec4 4;
    %and;
T_0.82;
    %flag_set/vec4 8;
    %jmp/0xz  T_0.80, 8;
    %pushi/vec4 0, 0, 1;
    %assign/vec4 v0x559d6c7d0e00_0, 0;
T_0.80 ;
T_0.78 ;
    %load/vec4 v0x559d6c7d0ba0_0;
    %pad/u 32;
    %cmpi/u 56, 0, 32;
    %jmp/0xz  T_0.83, 5;
    %load/vec4 v0x559d6c7d0ba0_0;
    %addi 1, 0, 6;
    %assign/vec4 v0x559d6c7d0ba0_0, 0;
T_0.83 ;
    %load/vec4 v0x559d6c7d0ba0_0;
    %pad/u 32;
    %cmpi/e 24, 0, 32;
    %jmp/0xz  T_0.85, 4;
    %load/vec4 v0x559d6c7d0e00_0;
    %flag_set/vec4 8;
    %jmp/1 T_0.89, 8;
    %load/vec4 v0x559d6c7d0f80_0;
    %flag_set/vec4 9;
    %flag_or 8, 9;
T_0.89;
    %jmp/0xz  T_0.87, 8;
    %pushi/vec4 1, 0, 1;
    %assign/vec4 v0x559d6c7d0c80_0, 0;
T_0.87 ;
T_0.85 ;
    %jmp T_0.3;
T_0.2 ;
    %pushi/vec4 0, 0, 6;
    %assign/vec4 v0x559d6c7d0ba0_0, 0;
    %pushi/vec4 1, 0, 1;
    %assign/vec4 v0x559d6c7d0e00_0, 0;
    %pushi/vec4 1, 0, 1;
    %assign/vec4 v0x559d6c7d0f80_0, 0;
    %pushi/vec4 0, 0, 1;
    %assign/vec4 v0x559d6c7d0c80_0, 0;
T_0.3 ;
    %jmp T_0;
    .thread T_0;
    .scope S_0x559d6c74df10;
T_1 ;
    %delay 10000, 0;
    %load/vec4 v0x559d6c7d1560_0;
    %nor/r;
    %store/vec4 v0x559d6c7d1560_0, 0, 1;
    %jmp T_1;
    .thread T_1;
    .scope S_0x559d6c74df10;
T_2 ;
    %vpi_call/w 3 30 "$dumpfile", "firewall.vcd" {0 0 0};
    %vpi_call/w 3 31 "$dumpvars", 32'sb00000000000000000000000000000000, S_0x559d6c74df10 {0 0 0};
    %vpi_call/w 3 32 "$display", "Starting Sim" {0 0 0};
    %pushi/vec4 1, 0, 1;
    %store/vec4 v0x559d6c7d1560_0, 0, 1;
    %delay 20000, 0;
    %pushi/vec4 1, 0, 1;
    %store/vec4 v0x559d6c7d1600_0, 0, 1;
    %delay 20000, 0;
    %pushi/vec4 0, 0, 1;
    %store/vec4 v0x559d6c7d1600_0, 0, 1;
    %delay 20000, 0;
    %pushi/vec4 1, 0, 1;
    %store/vec4 v0x559d6c7d1380_0, 0, 1;
    %fork t_1, S_0x559d6c798c60;
    %jmp t_0;
    .scope S_0x559d6c798c60;
t_1 ;
    %pushi/vec4 0, 0, 32;
    %store/vec4 v0x559d6c74e0f0_0, 0, 32;
T_2.0 ;
    %load/vec4 v0x559d6c74e0f0_0;
    %cmpi/s 24, 0, 32;
    %jmp/0xz T_2.1, 5;
    %load/vec4 v0x559d6c74e0f0_0;
    %dup/vec4;
    %pushi/vec4 0, 0, 32;
    %cmp/u;
    %jmp/1 T_2.2, 6;
    %dup/vec4;
    %pushi/vec4 1, 0, 32;
    %cmp/u;
    %jmp/1 T_2.3, 6;
    %dup/vec4;
    %pushi/vec4 2, 0, 32;
    %cmp/u;
    %jmp/1 T_2.4, 6;
    %dup/vec4;
    %pushi/vec4 3, 0, 32;
    %cmp/u;
    %jmp/1 T_2.5, 6;
    %dup/vec4;
    %pushi/vec4 4, 0, 32;
    %cmp/u;
    %jmp/1 T_2.6, 6;
    %dup/vec4;
    %pushi/vec4 5, 0, 32;
    %cmp/u;
    %jmp/1 T_2.7, 6;
    %dup/vec4;
    %pushi/vec4 6, 0, 32;
    %cmp/u;
    %jmp/1 T_2.8, 6;
    %dup/vec4;
    %pushi/vec4 7, 0, 32;
    %cmp/u;
    %jmp/1 T_2.9, 6;
    %dup/vec4;
    %pushi/vec4 8, 0, 32;
    %cmp/u;
    %jmp/1 T_2.10, 6;
    %dup/vec4;
    %pushi/vec4 9, 0, 32;
    %cmp/u;
    %jmp/1 T_2.11, 6;
    %dup/vec4;
    %pushi/vec4 10, 0, 32;
    %cmp/u;
    %jmp/1 T_2.12, 6;
    %dup/vec4;
    %pushi/vec4 11, 0, 32;
    %cmp/u;
    %jmp/1 T_2.13, 6;
    %dup/vec4;
    %pushi/vec4 12, 0, 32;
    %cmp/u;
    %jmp/1 T_2.14, 6;
    %dup/vec4;
    %pushi/vec4 13, 0, 32;
    %cmp/u;
    %jmp/1 T_2.15, 6;
    %dup/vec4;
    %pushi/vec4 14, 0, 32;
    %cmp/u;
    %jmp/1 T_2.16, 6;
    %dup/vec4;
    %pushi/vec4 15, 0, 32;
    %cmp/u;
    %jmp/1 T_2.17, 6;
    %dup/vec4;
    %pushi/vec4 16, 0, 32;
    %cmp/u;
    %jmp/1 T_2.18, 6;
    %dup/vec4;
    %pushi/vec4 17, 0, 32;
    %cmp/u;
    %jmp/1 T_2.19, 6;
    %dup/vec4;
    %pushi/vec4 18, 0, 32;
    %cmp/u;
    %jmp/1 T_2.20, 6;
    %dup/vec4;
    %pushi/vec4 19, 0, 32;
    %cmp/u;
    %jmp/1 T_2.21, 6;
    %dup/vec4;
    %pushi/vec4 20, 0, 32;
    %cmp/u;
    %jmp/1 T_2.22, 6;
    %dup/vec4;
    %pushi/vec4 21, 0, 32;
    %cmp/u;
    %jmp/1 T_2.23, 6;
    %dup/vec4;
    %pushi/vec4 22, 0, 32;
    %cmp/u;
    %jmp/1 T_2.24, 6;
    %dup/vec4;
    %pushi/vec4 23, 0, 32;
    %cmp/u;
    %jmp/1 T_2.25, 6;
    %jmp T_2.26;
T_2.2 ;
    %pushi/vec4 1, 0, 2;
    %store/vec4 v0x559d6c7d12a0_0, 0, 2;
    %jmp T_2.26;
T_2.3 ;
    %pushi/vec4 2, 0, 2;
    %store/vec4 v0x559d6c7d12a0_0, 0, 2;
    %jmp T_2.26;
T_2.4 ;
    %pushi/vec4 2, 0, 2;
    %store/vec4 v0x559d6c7d12a0_0, 0, 2;
    %jmp T_2.26;
T_2.5 ;
    %pushi/vec4 1, 0, 2;
    %store/vec4 v0x559d6c7d12a0_0, 0, 2;
    %jmp T_2.26;
T_2.6 ;
    %pushi/vec4 1, 0, 2;
    %store/vec4 v0x559d6c7d12a0_0, 0, 2;
    %jmp T_2.26;
T_2.7 ;
    %pushi/vec4 2, 0, 2;
    %store/vec4 v0x559d6c7d12a0_0, 0, 2;
    %jmp T_2.26;
T_2.8 ;
    %pushi/vec4 2, 0, 2;
    %store/vec4 v0x559d6c7d12a0_0, 0, 2;
    %jmp T_2.26;
T_2.9 ;
    %pushi/vec4 1, 0, 2;
    %store/vec4 v0x559d6c7d12a0_0, 0, 2;
    %jmp T_2.26;
T_2.10 ;
    %pushi/vec4 1, 0, 2;
    %store/vec4 v0x559d6c7d12a0_0, 0, 2;
    %jmp T_2.26;
T_2.11 ;
    %pushi/vec4 1, 0, 2;
    %store/vec4 v0x559d6c7d12a0_0, 0, 2;
    %jmp T_2.26;
T_2.12 ;
    %pushi/vec4 2, 0, 2;
    %store/vec4 v0x559d6c7d12a0_0, 0, 2;
    %jmp T_2.26;
T_2.13 ;
    %pushi/vec4 2, 0, 2;
    %store/vec4 v0x559d6c7d12a0_0, 0, 2;
    %jmp T_2.26;
T_2.14 ;
    %pushi/vec4 0, 0, 2;
    %store/vec4 v0x559d6c7d12a0_0, 0, 2;
    %jmp T_2.26;
T_2.15 ;
    %pushi/vec4 0, 0, 2;
    %store/vec4 v0x559d6c7d12a0_0, 0, 2;
    %jmp T_2.26;
T_2.16 ;
    %pushi/vec4 1, 0, 2;
    %store/vec4 v0x559d6c7d12a0_0, 0, 2;
    %jmp T_2.26;
T_2.17 ;
    %pushi/vec4 2, 0, 2;
    %store/vec4 v0x559d6c7d12a0_0, 0, 2;
    %jmp T_2.26;
T_2.18 ;
    %pushi/vec4 1, 0, 2;
    %store/vec4 v0x559d6c7d12a0_0, 0, 2;
    %jmp T_2.26;
T_2.19 ;
    %pushi/vec4 1, 0, 2;
    %store/vec4 v0x559d6c7d12a0_0, 0, 2;
    %jmp T_2.26;
T_2.20 ;
    %pushi/vec4 1, 0, 2;
    %store/vec4 v0x559d6c7d12a0_0, 0, 2;
    %jmp T_2.26;
T_2.21 ;
    %pushi/vec4 0, 0, 2;
    %store/vec4 v0x559d6c7d12a0_0, 0, 2;
    %jmp T_2.26;
T_2.22 ;
    %pushi/vec4 2, 0, 2;
    %store/vec4 v0x559d6c7d12a0_0, 0, 2;
    %jmp T_2.26;
T_2.23 ;
    %pushi/vec4 1, 0, 2;
    %store/vec4 v0x559d6c7d12a0_0, 0, 2;
    %jmp T_2.26;
T_2.24 ;
    %pushi/vec4 0, 0, 2;
    %store/vec4 v0x559d6c7d12a0_0, 0, 2;
    %jmp T_2.26;
T_2.25 ;
    %pushi/vec4 1, 0, 2;
    %store/vec4 v0x559d6c7d12a0_0, 0, 2;
    %jmp T_2.26;
T_2.26 ;
    %pop/vec4 1;
    %delay 20000, 0;
    %load/vec4 v0x559d6c74e0f0_0;
    %addi 1, 0, 32;
    %cast2;
    %store/vec4 v0x559d6c74e0f0_0, 0, 32;
    %jmp T_2.0;
T_2.1 ;
    %end;
    .scope S_0x559d6c74df10;
t_0 %join;
    %fork t_3, S_0x559d6c7ce9f0;
    %jmp t_2;
    .scope S_0x559d6c7ce9f0;
t_3 ;
    %pushi/vec4 0, 0, 32;
    %store/vec4 v0x559d6c7cebf0_0, 0, 32;
T_2.27 ;
    %load/vec4 v0x559d6c7cebf0_0;
    %cmpi/s 24, 0, 32;
    %jmp/0xz T_2.28, 5;
    %pushi/vec4 1, 0, 2;
    %store/vec4 v0x559d6c7d12a0_0, 0, 2;
    %delay 20000, 0;
    %load/vec4 v0x559d6c7cebf0_0;
    %addi 1, 0, 32;
    %cast2;
    %store/vec4 v0x559d6c7cebf0_0, 0, 32;
    %jmp T_2.27;
T_2.28 ;
    %end;
    .scope S_0x559d6c74df10;
t_2 %join;
    %fork t_5, S_0x559d6c7cecd0;
    %jmp t_4;
    .scope S_0x559d6c7cecd0;
t_5 ;
    %pushi/vec4 0, 0, 32;
    %store/vec4 v0x559d6c7ceeb0_0, 0, 32;
T_2.29 ;
    %load/vec4 v0x559d6c7ceeb0_0;
    %cmpi/s 8, 0, 32;
    %jmp/0xz T_2.30, 5;
    %pushi/vec4 3, 0, 2;
    %store/vec4 v0x559d6c7d12a0_0, 0, 2;
    %delay 20000, 0;
    %load/vec4 v0x559d6c7ceeb0_0;
    %addi 1, 0, 32;
    %cast2;
    %store/vec4 v0x559d6c7ceeb0_0, 0, 32;
    %jmp T_2.29;
T_2.30 ;
    %end;
    .scope S_0x559d6c74df10;
t_4 %join;
    %fork t_7, S_0x559d6c7cef90;
    %jmp t_6;
    .scope S_0x559d6c7cef90;
t_7 ;
    %pushi/vec4 0, 0, 32;
    %store/vec4 v0x559d6c7cf170_0, 0, 32;
T_2.31 ;
    %load/vec4 v0x559d6c7cf170_0;
    %cmpi/s 24, 0, 32;
    %jmp/0xz T_2.32, 5;
    %load/vec4 v0x559d6c7cf170_0;
    %pushi/vec4 2, 0, 32;
    %mod/s;
    %cmpi/e 0, 0, 32;
    %flag_mov 8, 4;
    %jmp/0 T_2.33, 8;
    %pushi/vec4 1, 0, 2;
    %jmp/1 T_2.34, 8;
T_2.33 ; End of true expr.
    %pushi/vec4 2, 0, 2;
    %jmp/0 T_2.34, 8;
 ; End of false expr.
    %blend;
T_2.34;
    %store/vec4 v0x559d6c7d12a0_0, 0, 2;
    %delay 20000, 0;
    %load/vec4 v0x559d6c7cf170_0;
    %addi 1, 0, 32;
    %cast2;
    %store/vec4 v0x559d6c7cf170_0, 0, 32;
    %jmp T_2.31;
T_2.32 ;
    %end;
    .scope S_0x559d6c74df10;
t_6 %join;
    %pushi/vec4 0, 0, 1;
    %store/vec4 v0x559d6c7d1380_0, 0, 1;
    %delay 1000000, 0;
    %pushi/vec4 1, 0, 1;
    %store/vec4 v0x559d6c7d1380_0, 0, 1;
    %fork t_9, S_0x559d6c7cf270;
    %jmp t_8;
    .scope S_0x559d6c7cf270;
t_9 ;
    %pushi/vec4 0, 0, 32;
    %store/vec4 v0x559d6c7cf4a0_0, 0, 32;
T_2.35 ;
    %load/vec4 v0x559d6c7cf4a0_0;
    %cmpi/s 24, 0, 32;
    %jmp/0xz T_2.36, 5;
    %pushi/vec4 3, 0, 2;
    %store/vec4 v0x559d6c7d12a0_0, 0, 2;
    %delay 20000, 0;
    %load/vec4 v0x559d6c7cf4a0_0;
    %addi 1, 0, 32;
    %cast2;
    %store/vec4 v0x559d6c7cf4a0_0, 0, 32;
    %jmp T_2.35;
T_2.36 ;
    %end;
    .scope S_0x559d6c74df10;
t_8 %join;
    %fork t_11, S_0x559d6c7cf5a0;
    %jmp t_10;
    .scope S_0x559d6c7cf5a0;
t_11 ;
    %pushi/vec4 0, 0, 32;
    %store/vec4 v0x559d6c7cf780_0, 0, 32;
T_2.37 ;
    %load/vec4 v0x559d6c7cf780_0;
    %cmpi/s 24, 0, 32;
    %jmp/0xz T_2.38, 5;
    %pushi/vec4 1, 0, 2;
    %store/vec4 v0x559d6c7d12a0_0, 0, 2;
    %delay 20000, 0;
    %load/vec4 v0x559d6c7cf780_0;
    %addi 1, 0, 32;
    %cast2;
    %store/vec4 v0x559d6c7cf780_0, 0, 32;
    %jmp T_2.37;
T_2.38 ;
    %end;
    .scope S_0x559d6c74df10;
t_10 %join;
    %fork t_13, S_0x559d6c7cf880;
    %jmp t_12;
    .scope S_0x559d6c7cf880;
t_13 ;
    %pushi/vec4 0, 0, 32;
    %store/vec4 v0x559d6c7cfa60_0, 0, 32;
T_2.39 ;
    %load/vec4 v0x559d6c7cfa60_0;
    %cmpi/s 8, 0, 32;
    %jmp/0xz T_2.40, 5;
    %pushi/vec4 3, 0, 2;
    %store/vec4 v0x559d6c7d12a0_0, 0, 2;
    %delay 20000, 0;
    %load/vec4 v0x559d6c7cfa60_0;
    %addi 1, 0, 32;
    %cast2;
    %store/vec4 v0x559d6c7cfa60_0, 0, 32;
    %jmp T_2.39;
T_2.40 ;
    %end;
    .scope S_0x559d6c74df10;
t_12 %join;
    %fork t_15, S_0x559d6c7cfb60;
    %jmp t_14;
    .scope S_0x559d6c7cfb60;
t_15 ;
    %pushi/vec4 0, 0, 32;
    %store/vec4 v0x559d6c7cfd40_0, 0, 32;
T_2.41 ;
    %load/vec4 v0x559d6c7cfd40_0;
    %cmpi/s 24, 0, 32;
    %jmp/0xz T_2.42, 5;
    %load/vec4 v0x559d6c7cfd40_0;
    %pushi/vec4 2, 0, 32;
    %mod/s;
    %cmpi/e 0, 0, 32;
    %flag_mov 8, 4;
    %jmp/0 T_2.43, 8;
    %pushi/vec4 1, 0, 2;
    %jmp/1 T_2.44, 8;
T_2.43 ; End of true expr.
    %pushi/vec4 2, 0, 2;
    %jmp/0 T_2.44, 8;
 ; End of false expr.
    %blend;
T_2.44;
    %store/vec4 v0x559d6c7d12a0_0, 0, 2;
    %delay 20000, 0;
    %load/vec4 v0x559d6c7cfd40_0;
    %addi 1, 0, 32;
    %cast2;
    %store/vec4 v0x559d6c7cfd40_0, 0, 32;
    %jmp T_2.41;
T_2.42 ;
    %end;
    .scope S_0x559d6c74df10;
t_14 %join;
    %pushi/vec4 0, 0, 1;
    %store/vec4 v0x559d6c7d1380_0, 0, 1;
    %delay 1000000, 0;
    %vpi_call/w 3 103 "$display", "Finishing Sim" {0 0 0};
    %vpi_call/w 3 104 "$finish" {0 0 0};
    %end;
    .thread T_2;
# The file index is used to find the file name in the following table.
:file_names 5;
    "N/A";
    "<interactive>";
    "-";
    "sim/firewall_tb.sv";
    "src/firewall.sv";
